TN:
SF:/home/runner/work/dlt-daemon/dlt-daemon/src/daemon/dlt-daemon.c
FN:177,usage
FN:218,option_handling
FN:347,option_file_parser
FN:1025,dlt_mkdir_recursive
FN:1074,dlt_daemon_create_pipes_dir
FN:1117,main
FN:1351,dlt_daemon_local_init_p1
FN:1412,dlt_daemon_local_init_p2
FN:1514,dlt_daemon_init_serial
FN:1572,dlt_daemon_init_fifo
FN:1746,dlt_daemon_initialize_control_socket
FN:1793,dlt_daemon_local_connection_init
FN:1909,dlt_daemon_local_ecu_version_init
FN:1983,dlt_daemon_local_cleanup
FN:2037,dlt_daemon_exit_trigger
FN:2061,dlt_daemon_signal_handler
FN:2110,dlt_daemon_daemonize
FN:2180,dlt_daemon_log_internal
FN:2257,dlt_daemon_check_numeric_setting
FN:2273,dlt_daemon_process_client_connect
FN:2383,dlt_daemon_process_client_messages
FN:2460,dlt_daemon_process_client_messages_serial
FN:2529,dlt_daemon_process_control_connect
FN:2625,dlt_daemon_process_control_messages
FN:2693,dlt_daemon_process_user_message_not_sup
FN:2734,dlt_daemon_process_user_messages
FN:2814,dlt_daemon_process_user_message_overflow
FN:2852,dlt_daemon_send_message_overflow
FN:2872,dlt_daemon_process_user_message_register_application
FN:2990,dlt_daemon_process_user_message_register_context
FN:3198,dlt_daemon_process_user_message_unregister_application
FN:3296,dlt_daemon_process_user_message_unregister_context
FN:3374,dlt_daemon_process_user_message_log
FN:3505,enforce_context_ll_and_ts_keep_message
FN:3530,dlt_daemon_process_user_message_set_app_ll_ts
FN:3606,dlt_daemon_process_user_message_log_mode
FN:3639,dlt_daemon_process_user_message_marker
FN:3669,dlt_daemon_send_ringbuffer_to_client
FN:3773,create_timer_fd
FN:3865,dlt_daemon_close_socket
FNDA:0,dlt_daemon_process_user_message_marker
FNDA:2,dlt_daemon_local_init_p1
FNDA:3,dlt_daemon_check_numeric_setting
FNDA:0,dlt_daemon_process_user_messages
FNDA:0,enforce_context_ll_and_ts_keep_message
FNDA:0,dlt_daemon_process_user_message_register_context
FNDA:2,dlt_daemon_close_socket
FNDA:2,dlt_daemon_init_serial
FNDA:0,dlt_daemon_process_user_message_unregister_application
FNDA:2,dlt_daemon_exit_trigger
FNDA:0,dlt_daemon_process_user_message_log_mode
FNDA:2,dlt_daemon_init_fifo
FNDA:2,option_file_parser
FNDA:0,usage
FNDA:2,dlt_daemon_create_pipes_dir
FNDA:3,dlt_daemon_process_client_connect
FNDA:0,dlt_daemon_send_message_overflow
FNDA:9,dlt_daemon_log_internal
FNDA:0,dlt_daemon_process_user_message_not_sup
FNDA:0,dlt_daemon_process_control_messages
FNDA:2,dlt_daemon_local_ecu_version_init
FNDA:0,dlt_daemon_process_user_message_log
FNDA:0,dlt_daemon_process_user_message_unregister_context
FNDA:8,dlt_daemon_process_client_messages
FNDA:2,main
FNDA:2,dlt_daemon_local_connection_init
FNDA:2,dlt_mkdir_recursive
FNDA:1,dlt_daemon_send_ringbuffer_to_client
FNDA:2,dlt_daemon_local_cleanup
FNDA:0,dlt_daemon_process_control_connect
FNDA:2,dlt_daemon_local_init_p2
FNDA:2,option_handling
FNDA:3,create_timer_fd
FNDA:2,dlt_daemon_initialize_control_socket
FNDA:2,dlt_daemon_signal_handler
FNDA:0,dlt_daemon_process_user_message_set_app_ll_ts
FNDA:0,dlt_daemon_process_user_message_register_application
FNDA:2,dlt_daemon_daemonize
FNDA:0,dlt_daemon_process_user_message_overflow
FNDA:0,dlt_daemon_process_client_messages_serial
FNF:40
FNH:23
DA:177,0
DA:180,0
DA:213,0
DA:218,2
DA:226,2
DA:227,0
DA:228,0
DA:235,2
DA:238,2
DA:245,2
DA:253,6
DA:254,4
DA:255,2
DA:257,2
DA:258,2
DA:260,1
DA:262,1
DA:273,0
DA:275,0
DA:276,0
DA:287,1
DA:289,1
DA:291,1
DA:292,0
DA:293,0
DA:298,0
DA:300,0
DA:301,0
DA:303,0
DA:305,0
DA:310,0
DA:311,0
DA:312,0
DA:314,0
DA:317,0
DA:318,0
DA:320,0
DA:322,0
DA:323,0
DA:330,2
DA:332,2
DA:340,2
DA:347,2
DA:348,2
DA:350,2
DA:351,2
DA:352,2
DA:358,2
DA:359,2
DA:360,2
DA:361,2
DA:362,2
DA:363,2
DA:364,2
DA:365,2
DA:372,2
DA:377,2
DA:378,0
DA:381,2
DA:382,2
DA:383,2
DA:385,2
DA:386,2
DA:387,2
DA:388,2
DA:389,2
DA:390,2
DA:391,2
DA:392,2
DA:393,2
DA:394,2
DA:395,2
DA:396,2
DA:397,2
DA:398,2
DA:399,2
DA:400,2
DA:401,2
DA:403,2
DA:414,2
DA:416,2
DA:417,2
DA:420,2
DA:421,2
DA:422,2
DA:423,2
DA:429,2
DA:430,2
DA:433,2
DA:434,1
DA:439,2
DA:441,2
DA:444,28
DA:445,13
DA:446,13
DA:447,13
DA:449,26
DA:450,26
DA:453,26
DA:454,13
DA:455,13
DA:458,13
DA:459,13
DA:460,13
DA:463,13
DA:466,13
DA:468,13
DA:469,0
DA:472,13
DA:474,0
DA:477,13
DA:479,0
DA:482,13
DA:484,0
DA:487,13
DA:489,0
DA:492,13
DA:494,1
DA:497,12
DA:499,0
DA:502,12
DA:504,0
DA:507,12
DA:509,0
DA:512,12
DA:514,0
DA:517,12
DA:519,0
DA:520,0
DA:523,12
DA:525,0
DA:526,0
DA:529,12
DA:531,1
DA:532,1
DA:535,11
DA:537,0
DA:538,0
DA:541,11
DA:543,1
DA:546,10
DA:548,1
DA:551,9
DA:556,1
DA:559,8
DA:561,0
DA:563,8
DA:565,0
DA:567,8
DA:569,0
DA:571,8
DA:573,1
DA:576,7
DA:578,1
DA:582,6
DA:584,1
DA:588,5
DA:590,1
DA:594,4
DA:596,1
DA:599,3
DA:601,0
DA:604,0
DA:607,3
DA:609,0
DA:612,3
DA:614,0
DA:617,3
DA:619,0
DA:622,3
DA:624,0
DA:627,3
DA:632,0
DA:635,3
DA:637,0
DA:640,3
DA:642,0
DA:644,3
DA:646,0
DA:650,3
DA:653,0
DA:654,0
DA:656,3
DA:659,0
DA:660,0
DA:662,3
DA:664,0
DA:665,0
DA:666,3
DA:667,0
DA:669,3
DA:671,0
DA:672,0
DA:673,0
DA:676,3
DA:687,2
DA:689,1
DA:692,1
DA:703,0
DA:707,0
DA:708,0
DA:712,0
DA:719,0
DA:723,0
DA:724,0
DA:728,0
DA:735,0
DA:739,0
DA:740,0
DA:744,0
DA:751,0
DA:753,0
DA:760,0
DA:763,0
DA:793,0
DA:798,0
DA:800,0
DA:801,0
DA:803,0
DA:804,0
DA:805,0
DA:806,0
DA:809,0
DA:812,0
DA:815,0
DA:817,0
DA:818,0
DA:820,0
DA:821,0
DA:822,0
DA:823,0
DA:826,0
DA:829,0
DA:831,0
DA:836,0
DA:839,0
DA:840,0
DA:843,0
DA:852,1
DA:855,1
DA:1025,2
DA:1034,2
DA:1036,2
DA:1037,0
DA:1039,2
DA:1041,8
DA:1042,6
DA:1043,0
DA:1045,0
DA:1046,0
DA:1054,0
DA:1059,2
DA:1060,2
DA:1067,2
DA:1070,2
DA:1074,2
DA:1078,2
DA:1079,0
DA:1080,0
DA:1084,2
DA:1087,2
DA:1088,0
DA:1093,0
DA:1097,2
DA:1101,2
DA:1102,0
DA:1105,0
DA:1107,0
DA:1117,2
DA:1129,2
DA:1130,0
DA:1131,0
DA:1133,0
DA:1137,2
DA:1138,0
DA:1139,0
DA:1141,0
DA:1145,2
DA:1146,2
DA:1148,2
DA:1149,2
DA:1153,2
DA:1154,0
DA:1171,2
DA:1173,2
DA:1175,2
DA:1180,2
DA:1181,0
DA:1182,0
DA:1194,2
DA:1195,0
DA:1196,0
DA:1201,2
DA:1203,0
DA:1204,0
DA:1208,2
DA:1209,0
DA:1210,0
DA:1215,2
DA:1216,0
DA:1217,0
DA:1224,2
DA:1227,2
DA:1228,0
DA:1229,0
DA:1243,2
DA:1244,0
DA:1249,0
DA:1272,2
DA:1275,2
DA:1276,2
DA:1277,0
DA:1280,2
DA:1281,1
DA:1282,0
DA:1283,0
DA:1287,1
DA:1296,2
DA:1297,0
DA:1299,2
DA:1301,2
DA:1310,2
DA:1311,0
DA:1312,0
DA:1314,0
DA:1316,2
DA:1322,20
DA:1323,18
DA:1327,2
DA:1329,2
DA:1331,2
DA:1333,2
DA:1339,2
DA:1341,2
DA:1343,2
DA:1345,2
DA:1347,2
DA:1351,2
DA:1353,2
DA:1356,2
DA:1357,0
DA:1358,0
DA:1380,2
DA:1386,2
DA:1387,2
DA:1390,2
DA:1392,2
DA:1393,0
DA:1395,0
DA:1396,0
DA:1399,2
DA:1401,2
DA:1402,2
DA:1403,2
DA:1404,2
DA:1409,2
DA:1412,2
DA:1414,2
DA:1416,2
DA:1417,0
DA:1418,0
DA:1422,2
DA:1423,2
DA:1427,0
DA:1428,0
DA:1432,2
DA:1433,0
DA:1434,0
DA:1435,0
DA:1438,0
DA:1442,0
DA:1443,0
DA:1448,2
DA:1449,0
DA:1451,0
DA:1452,0
DA:1453,0
DA:1460,2
DA:1461,1
DA:1463,1
DA:1466,2
DA:1487,2
DA:1488,0
DA:1489,0
DA:1493,2
DA:1494,0
DA:1497,2
DA:1498,2
DA:1500,2
DA:1501,0
DA:1502,0
DA:1505,2
DA:1509,2
DA:1511,2
DA:1514,2
DA:1520,2
DA:1523,0
DA:1525,0
DA:1526,0
DA:1529,0
DA:1530,0
DA:1533,0
DA:1536,0
DA:1537,0
DA:1539,0
DA:1541,0
DA:1542,0
DA:1543,0
DA:1545,0
DA:1546,0
DA:1548,0
DA:1551,0
DA:1552,0
DA:1555,0
DA:1556,0
DA:1559,0
DA:1560,0
DA:1561,0
DA:1564,0
DA:1572,2
DA:1579,2
DA:1582,2
DA:1583,2
DA:1585,2
DA:1587,2
DA:1588,0
DA:1589,0
DA:1590,0
DA:1594,2
DA:1595,0
DA:1596,0
DA:1598,0
DA:1599,0
DA:1601,0
DA:1602,0
DA:1606,0
DA:1608,0
DA:1613,0
DA:1621,2
DA:1622,0
DA:1623,0
DA:1624,0
DA:1631,2
DA:1633,0
DA:1634,0
DA:1638,2
DA:1639,0
DA:1641,2
DA:1648,2
DA:1746,2
DA:1751,2
DA:1753,2
DA:1754,0
DA:1755,0
DA:1774,2
DA:1775,2
DA:1779,2
DA:1780,2
DA:1785,0
DA:1793,2
DA:1797,2
DA:1799,2
DA:1801,2
DA:1802,0
DA:1803,0
DA:1806,2
DA:1817,2
DA:1818,0
DA:1819,0
DA:1832,2
DA:1834,2
DA:1836,2
DA:1837,2
DA:1842,0
DA:1843,0
DA:1847,0
DA:1848,0
DA:1853,0
DA:1855,0
DA:1856,0
DA:1861,0
DA:1867,0
DA:1870,0
DA:1873,0
DA:1874,0
DA:1875,0
DA:1895,2
DA:1896,0
DA:1897,0
DA:1901,2
DA:1902,0
DA:1903,0
DA:1909,2
DA:1914,2
DA:1917,2
DA:1920,2
DA:1922,2
DA:1924,2
DA:1925,2
DA:1929,0
DA:1932,0
DA:1933,0
DA:1934,0
DA:1935,0
DA:1940,0
DA:1942,0
DA:1943,0
DA:1944,0
DA:1945,0
DA:1949,0
DA:1951,0
DA:1952,0
DA:1953,0
DA:1954,0
DA:1959,0
DA:1960,0
DA:1962,0
DA:1963,0
DA:1964,0
DA:1965,0
DA:1966,0
DA:1969,0
DA:1970,0
DA:1971,0
DA:1972,0
DA:1973,0
DA:1977,0
DA:1978,0
DA:1979,0
DA:1980,0
DA:1983,2
DA:1985,2
DA:1987,2
DA:1988,0
DA:1989,0
DA:1993,2
DA:1995,2
DA:1998,2
DA:1999,0
DA:2002,2
DA:2006,2
DA:2019,2
DA:2021,0
DA:2025,0
DA:2028,2
DA:2029,2
DA:2031,2
DA:2034,2
DA:2037,2
DA:2040,2
DA:2043,2
DA:2046,2
DA:2047,2
DA:2048,0
DA:2052,2
DA:2059,2
DA:2061,2
DA:2063,2
DA:2065,2
DA:2066,2
DA:2072,2
DA:2074,2
DA:2075,2
DA:2084,2
DA:2110,2
DA:2115,2
DA:2117,2
DA:2120,2
DA:2122,4
DA:2123,0
DA:2124,0
DA:2127,4
DA:2128,2
DA:2135,2
DA:2136,0
DA:2137,0
DA:2143,2
DA:2145,2
DA:2146,0
DA:2149,2
DA:2150,0
DA:2152,2
DA:2155,0
DA:2156,0
DA:2160,2
DA:2163,2
DA:2164,0
DA:2167,2
DA:2168,2
DA:2169,2
DA:2170,2
DA:2172,2
DA:2180,9
DA:2182,9
DA:2189,9
DA:2192,9
DA:2193,9
DA:2196,9
DA:2197,9
DA:2199,9
DA:2203,9
DA:2208,9
DA:2209,9
DA:2210,9
DA:2213,9
DA:2214,9
DA:2215,9
DA:2216,9
DA:2218,9
DA:2219,9
DA:2220,9
DA:2223,9
DA:2224,9
DA:2225,9
DA:2227,9
DA:2228,9
DA:2230,9
DA:2231,0
DA:2232,0
DA:2237,9
DA:2238,9
DA:2239,9
DA:2240,9
DA:2241,9
DA:2244,9
DA:2246,9
DA:2249,9
DA:2250,9
DA:2252,9
DA:2254,9
DA:2257,3
DA:2260,3
DA:2261,3
DA:2262,3
DA:2263,3
DA:2264,3
DA:2265,0
DA:2268,0
DA:2273,3
DA:2282,3
DA:2284,3
DA:2286,3
DA:2287,0
DA:2290,0
DA:2294,3
DA:2296,3
DA:2297,0
DA:2299,0
DA:2300,0
DA:2306,3
DA:2307,3
DA:2311,3
DA:2312,3
DA:2314,3
DA:2319,0
DA:2321,3
DA:2326,0
DA:2328,0
DA:2332,3
DA:2340,3
DA:2342,0
DA:2347,0
DA:2348,0
DA:2354,3
DA:2358,3
DA:2360,3
DA:2362,3
DA:2363,1
DA:2364,0
DA:2366,1
DA:2368,1
DA:2369,0
DA:2370,0
DA:2372,0
DA:2376,1
DA:2377,1
DA:2383,8
DA:2391,8
DA:2393,8
DA:2394,0
DA:2397,0
DA:2400,8
DA:2402,8
DA:2403,0
DA:2407,0
DA:2411,17
DA:2412,17
DA:2413,17
DA:2415,17
DA:2417,9
DA:2418,9
DA:2419,9
DA:2425,9
DA:2426,9
DA:2429,9
DA:2432,9
DA:2433,0
DA:2435,9
DA:2436,0
DA:2438,0
DA:2442,8
DA:2443,0
DA:2445,0
DA:2448,8
DA:2452,0
DA:2460,0
DA:2467,0
DA:2469,0
DA:2470,0
DA:2473,0
DA:2476,0
DA:2477,0
DA:2480,0
DA:2484,0
DA:2485,0
DA:2486,0
DA:2488,0
DA:2490,0
DA:2491,0
DA:2497,0
DA:2498,0
DA:2502,0
DA:2503,0
DA:2506,0
DA:2509,0
DA:2510,0
DA:2512,0
DA:2513,0
DA:2515,0
DA:2519,0
DA:2520,0
DA:2523,0
DA:2529,0
DA:2539,0
DA:2541,0
DA:2542,0
DA:2545,0
DA:2549,0
DA:2551,0
DA:2552,0
DA:2553,0
DA:2559,0
DA:2560,0
DA:2562,0
DA:2567,0
DA:2569,0
DA:2572,0
DA:2573,0
DA:2625,0
DA:2633,0
DA:2635,0
DA:2636,0
DA:2639,0
DA:2642,0
DA:2643,0
DA:2650,0
DA:2654,0
DA:2656,0
DA:2657,0
DA:2659,0
DA:2661,0
DA:2662,0
DA:2663,0
DA:2668,0
DA:2669,0
DA:2672,0
DA:2675,0
DA:2676,0
DA:2678,0
DA:2679,0
DA:2681,0
DA:2685,0
DA:2686,0
DA:2687,0
DA:2693,0
DA:2698,0
DA:2702,0
DA:2704,0
DA:2708,0
DA:2709,0
DA:2712,0
DA:2734,0
DA:2745,0
DA:2747,0
DA:2748,0
DA:2751,0
DA:2754,0
DA:2756,0
DA:2757,0
DA:2761,0
DA:2763,0
DA:2764,0
DA:2766,0
DA:2770,0
DA:2774,0
DA:2776,0
DA:2777,0
DA:2779,0
DA:2780,0
DA:2784,0
DA:2788,0
DA:2789,0
DA:2791,0
DA:2794,0
DA:2796,0
DA:2804,0
DA:2805,0
DA:2808,0
DA:2814,0
DA:2822,0
DA:2824,0
DA:2825,0
DA:2827,0
DA:2830,0
DA:2839,0
DA:2847,0
DA:2852,0
DA:2855,0
DA:2857,0
DA:2858,0
DA:2859,0
DA:2863,0
DA:2864,0
DA:2867,0
DA:2872,0
DA:2882,0
DA:2887,0
DA:2889,0
DA:2890,0
DA:2892,0
DA:2896,0
DA:2902,0
DA:2907,0
DA:2911,0
DA:2914,0
DA:2916,0
DA:2918,0
DA:2922,0
DA:2924,0
DA:2925,0
DA:2936,0
DA:2938,0
DA:2941,0
DA:2942,0
DA:2943,0
DA:2946,0
DA:2948,0
DA:2949,0
DA:2951,0
DA:2952,0
DA:2954,0
DA:2963,0
DA:2965,0
DA:2966,0
DA:2968,0
DA:2970,0
DA:2972,0
DA:2974,0
DA:2977,0
DA:2980,0
DA:2984,0
DA:2990,0
DA:2998,0
DA:3006,0
DA:3008,0
DA:3009,0
DA:3011,0
DA:3015,0
DA:3020,0
DA:3025,0
DA:3029,0
DA:3032,0
DA:3034,0
DA:3035,0
DA:3040,0
DA:3042,0
DA:3043,0
DA:3054,0
DA:3056,0
DA:3059,0
DA:3060,0
DA:3061,0
DA:3064,0
DA:3066,0
DA:3069,0
DA:3070,0
DA:3076,0
DA:3080,0
DA:3081,0
DA:3084,0
DA:3091,0
DA:3092,0
DA:3095,0
DA:3101,0
DA:3104,0
DA:3105,0
DA:3112,0
DA:3113,0
DA:3116,0
DA:3119,0
DA:3121,0
DA:3124,0
DA:3125,0
DA:3128,0
DA:3129,0
DA:3131,0
DA:3134,0
DA:3136,0
DA:3137,0
DA:3138,0
DA:3142,0
DA:3145,0
DA:3147,0
DA:3148,0
DA:3149,0
DA:3152,0
DA:3154,0
DA:3155,0
DA:3156,0
DA:3159,0
DA:3160,0
DA:3161,0
DA:3164,0
DA:3165,0
DA:3166,0
DA:3171,0
DA:3172,0
DA:3173,0
DA:3174,0
DA:3175,0
DA:3177,0
DA:3179,0
DA:3182,0
DA:3183,0
DA:3185,0
DA:3186,0
DA:3190,0
DA:3198,0
DA:3210,0
DA:3212,0
DA:3213,0
DA:3216,0
DA:3219,0
DA:3226,0
DA:3228,0
DA:3231,0
DA:3235,0
DA:3240,0
DA:3244,0
DA:3245,0
DA:3247,0
DA:3248,0
DA:3250,0
DA:3252,0
DA:3256,0
DA:3258,0
DA:3259,0
DA:3261,0
DA:3267,0
DA:3271,0
DA:3273,0
DA:3275,0
DA:3278,0
DA:3284,0
DA:3288,0
DA:3296,0
DA:3305,0
DA:3307,0
DA:3308,0
DA:3312,0
DA:3315,0
DA:3322,0
DA:3325,0
DA:3332,0
DA:3334,0
DA:3335,0
DA:3340,0
DA:3343,0
DA:3351,0
DA:3352,0
DA:3357,0
DA:3362,0
DA:3363,0
DA:3374,0
DA:3382,0
DA:3384,0
DA:3385,0
DA:3386,0
DA:3440,0
DA:3441,0
DA:3442,0
DA:3446,0
DA:3447,0
DA:3455,0
DA:3457,0
DA:3465,0
DA:3468,0
DA:3477,0
DA:3484,0
DA:3485,0
DA:3488,0
DA:3489,0
DA:3492,0
DA:3495,0
DA:3496,0
DA:3497,0
DA:3505,0
DA:3511,0
DA:3512,0
DA:3516,0
DA:3527,0
DA:3530,0
DA:3543,0
DA:3545,0
DA:3546,0
DA:3549,0
DA:3552,0
DA:3554,0
DA:3559,0
DA:3566,0
DA:3568,0
DA:3573,0
DA:3577,0
DA:3578,0
DA:3580,0
DA:3581,0
DA:3583,0
DA:3584,0
DA:3585,0
DA:3587,0
DA:3588,0
DA:3591,0
DA:3592,0
DA:3595,0
DA:3596,0
DA:3606,0
DA:3614,0
DA:3616,0
DA:3617,0
DA:3618,0
DA:3623,0
DA:3631,0
DA:3634,0
DA:3636,0
DA:3639,0
DA:3646,0
DA:3648,0
DA:3649,0
DA:3651,0
DA:3656,0
DA:3664,0
DA:3666,0
DA:3669,1
DA:3678,1
DA:3680,1
DA:3681,0
DA:3682,0
DA:3685,1
DA:3686,0
DA:3687,0
DA:3698,2
DA:3710,2
DA:3711,2
DA:3713,0
DA:3715,2
DA:3717,2
DA:3718,0
DA:3720,2
DA:3721,1
DA:3722,1
DA:3773,3
DA:3781,3
DA:3782,0
DA:3783,0
DA:3786,3
DA:3788,3
DA:3789,0
DA:3790,0
DA:3793,3
DA:3795,0
DA:3801,3
DA:3803,3
DA:3804,0
DA:3805,0
DA:3807,3
DA:3808,3
DA:3809,3
DA:3810,3
DA:3812,3
DA:3813,0
DA:3814,0
DA:3857,3
DA:3861,3
DA:3865,2
DA:3867,2
DA:3869,2
DA:3871,2
DA:3872,0
DA:3873,0
DA:3877,2
DA:3881,2
DA:3883,0
DA:3884,0
DA:3889,0
DA:3890,0
DA:3893,2
DA:3900,2
DA:3904,2
DA:3905,2
DA:3907,2
LF:1110
LH:435
end_of_record
TN:
SF:/home/runner/work/dlt-daemon/dlt-daemon/src/daemon/dlt_daemon_client.c
FN:103,dlt_daemon_client_send_all_multiple
FN:163,dlt_daemon_client_send
FN:315,dlt_daemon_client_send_message_to_all_client
FN:389,dlt_daemon_client_send_control_message
FN:473,dlt_daemon_client_process_control
FN:735,dlt_daemon_control_get_software_version
FN:796,dlt_daemon_control_get_default_log_level
FN:851,dlt_daemon_control_get_log_info
FN:1219,dlt_daemon_control_message_buffer_overflow
FN:1280,dlt_daemon_control_service_response
FN:1326,dlt_daemon_control_message_unregister_context
FN:1381,dlt_daemon_control_message_connection_info
FN:1434,dlt_daemon_control_message_timezone
FN:1489,dlt_daemon_control_message_marker
FN:1535,dlt_daemon_control_callsw_cinjection
FN:1660,dlt_daemon_send_log_level
FN:1686,dlt_daemon_find_multiple_context_and_send_log_level
FN:1734,dlt_daemon_control_set_log_level
FN:1833,dlt_daemon_send_trace_status
FN:1859,dlt_daemon_find_multiple_context_and_send_trace_status
FN:1907,dlt_daemon_control_set_trace_status
FN:2005,dlt_daemon_control_set_default_log_level
FN:2042,dlt_daemon_control_set_all_log_level
FN:2083,dlt_daemon_control_set_default_trace_status
FN:2121,dlt_daemon_control_set_all_trace_status
FN:2161,dlt_daemon_control_set_timing_packets
FN:2190,dlt_daemon_control_message_time
FN:2264,dlt_daemon_process_one_s_timer
FN:2309,dlt_daemon_process_sixty_s_timer
FN:2400,dlt_daemon_process_systemd_timer
FN:2416,dlt_daemon_control_service_logstorage
FN:2653,dlt_daemon_control_passive_node_connect
FN:2710,dlt_daemon_control_passive_node_connect_status
FNDA:0,dlt_daemon_control_service_logstorage
FNDA:4,dlt_daemon_control_get_log_info
FNDA:1,dlt_daemon_control_service_response
FNDA:9,dlt_daemon_client_process_control
FNDA:0,dlt_daemon_control_set_default_trace_status
FNDA:0,dlt_daemon_send_trace_status
FNDA:0,dlt_daemon_control_set_default_log_level
FNDA:0,dlt_daemon_find_multiple_context_and_send_log_level
FNDA:0,dlt_daemon_control_set_trace_status
FNDA:0,dlt_daemon_process_sixty_s_timer
FNDA:0,dlt_daemon_find_multiple_context_and_send_trace_status
FNDA:0,dlt_daemon_control_set_all_trace_status
FNDA:0,dlt_daemon_control_callsw_cinjection
FNDA:37,dlt_daemon_client_send
FNDA:0,dlt_daemon_control_message_marker
FNDA:0,dlt_daemon_client_send_message_to_all_client
FNDA:0,dlt_daemon_control_message_buffer_overflow
FNDA:0,dlt_daemon_control_passive_node_connect_status
FNDA:1,dlt_daemon_process_one_s_timer
FNDA:3,dlt_daemon_control_get_software_version
FNDA:0,dlt_daemon_control_passive_node_connect
FNDA:0,dlt_daemon_send_log_level
FNDA:0,dlt_daemon_control_set_timing_packets
FNDA:14,dlt_daemon_client_send_control_message
FNDA:5,dlt_daemon_control_message_connection_info
FNDA:0,dlt_daemon_control_message_timezone
FNDA:0,dlt_daemon_control_set_all_log_level
FNDA:9,dlt_daemon_client_send_all_multiple
FNDA:0,dlt_daemon_control_message_time
FNDA:0,dlt_daemon_control_message_unregister_context
FNDA:0,dlt_daemon_process_systemd_timer
FNDA:1,dlt_daemon_control_get_default_log_level
FNDA:1,dlt_daemon_control_set_log_level
FNF:33
FNH:11
DA:80,0
DA:103,9
DA:118,9
DA:120,9
DA:121,0
DA:122,0
DA:125,56
DA:127,47
DA:128,47
DA:130,47
DA:131,47
DA:132,36
DA:133,36
DA:136,11
DA:143,11
DA:144,0
DA:145,0
DA:151,11
DA:152,0
DA:163,37
DA:178,37
DA:179,0
DA:180,0
DA:183,37
DA:185,12
DA:186,0
DA:187,0
DA:188,0
DA:189,0
DA:190,0
DA:193,12
DA:194,12
DA:195,12
DA:196,0
DA:197,0
DA:201,12
DA:208,25
DA:209,23
DA:210,0
DA:211,0
DA:215,0
DA:216,0
DA:217,0
DA:227,23
DA:228,0
DA:239,25
DA:254,25
DA:256,9
DA:257,9
DA:265,9
DA:273,25
DA:274,23
DA:276,16
DA:278,16
DA:279,16
DA:280,0
DA:283,16
DA:284,0
DA:285,0
DA:286,0
DA:288,0
DA:291,9
DA:292,0
DA:293,0
DA:294,0
DA:295,0
DA:298,0
DA:300,0
DA:304,0
DA:305,0
DA:315,0
DA:322,0
DA:324,0
DA:325,0
DA:326,0
DA:330,0
DA:331,0
DA:334,0
DA:337,0
DA:338,0
DA:340,0
DA:344,0
DA:345,0
DA:349,0
DA:350,0
DA:352,0
DA:355,0
DA:356,0
DA:358,0
DA:359,0
DA:363,0
DA:364,0
DA:365,0
DA:367,0
DA:368,0
DA:369,0
DA:370,0
DA:372,0
DA:373,0
DA:374,0
DA:375,0
DA:377,0
DA:381,0
DA:382,0
DA:384,0
DA:385,0
DA:389,14
DA:400,14
DA:402,14
DA:406,14
DA:408,14
DA:412,14
DA:413,14
DA:419,14
DA:422,14
DA:426,14
DA:428,14
DA:431,14
DA:432,14
DA:433,14
DA:434,14
DA:436,14
DA:438,14
DA:439,14
DA:441,0
DA:443,14
DA:444,14
DA:446,0
DA:449,14
DA:450,14
DA:452,14
DA:454,14
DA:455,0
DA:456,0
DA:459,14
DA:461,14
DA:462,14
DA:464,14
DA:465,14
DA:466,0
DA:467,0
DA:473,9
DA:482,9
DA:484,9
DA:487,9
DA:490,9
DA:493,9
DA:494,0
DA:495,0
DA:502,9
DA:503,9
DA:505,9
DA:507,9
DA:508,1
DA:510,1
DA:511,1
DA:513,0
DA:515,0
DA:516,0
DA:518,4
DA:520,4
DA:521,4
DA:523,1
DA:525,1
DA:526,1
DA:528,0
DA:530,0
DA:531,0
DA:532,0
DA:537,0
DA:544,0
DA:553,0
DA:559,0
DA:561,0
DA:562,0
DA:563,0
DA:568,0
DA:569,0
DA:571,0
DA:573,0
DA:579,0
DA:581,0
DA:583,0
DA:589,0
DA:591,0
DA:593,0
DA:599,0
DA:601,0
DA:603,0
DA:609,0
DA:611,0
DA:613,0
DA:614,0
DA:616,0
DA:619,0
DA:620,0
DA:622,0
DA:624,0
DA:630,0
DA:632,0
DA:634,0
DA:640,0
DA:642,0
DA:644,0
DA:650,0
DA:652,0
DA:654,0
DA:660,0
DA:662,0
DA:664,0
DA:665,0
DA:667,0
DA:669,0
DA:670,0
DA:672,3
DA:674,3
DA:675,3
DA:677,0
DA:679,0
DA:681,0
DA:683,0
DA:685,0
DA:686,0
DA:688,0
DA:690,0
DA:695,0
DA:697,0
DA:699,0
DA:703,0
DA:705,0
DA:707,0
DA:708,0
DA:710,0
DA:712,0
DA:713,0
DA:715,0
DA:717,0
DA:723,0
DA:729,0
DA:735,3
DA:741,3
DA:743,3
DA:744,0
DA:747,3
DA:748,0
DA:754,0
DA:758,3
DA:761,3
DA:763,3
DA:764,0
DA:765,0
DA:768,3
DA:769,3
DA:770,3
DA:773,3
DA:774,0
DA:780,0
DA:784,3
DA:785,3
DA:786,3
DA:787,3
DA:790,3
DA:793,3
DA:796,1
DA:801,1
DA:803,1
DA:804,0
DA:807,1
DA:808,0
DA:814,0
DA:817,1
DA:819,1
DA:820,0
DA:821,0
DA:824,1
DA:825,1
DA:826,1
DA:829,1
DA:830,0
DA:836,0
DA:840,1
DA:841,1
DA:842,1
DA:845,1
DA:848,1
DA:851,4
DA:863,4
DA:882,4
DA:884,4
DA:885,0
DA:887,4
DA:890,4
DA:892,4
DA:896,4
DA:899,4
DA:900,0
DA:906,0
DA:910,4
DA:911,0
DA:917,0
DA:920,4
DA:921,0
DA:922,0
DA:926,0
DA:929,0
DA:930,0
DA:932,0
DA:936,0
DA:939,0
DA:949,4
DA:950,4
DA:961,4
DA:965,4
DA:966,4
DA:968,4
DA:969,4
DA:971,4
DA:974,4
DA:975,4
DA:976,0
DA:979,0
DA:980,0
DA:982,0
DA:983,0
DA:988,0
DA:992,0
DA:993,0
DA:996,0
DA:998,0
DA:1000,0
DA:1001,0
DA:1003,0
DA:1004,0
DA:1010,0
DA:1011,0
DA:1013,0
DA:1014,0
DA:1019,4
DA:1020,0
DA:1022,0
DA:1023,0
DA:1024,0
DA:1027,4
DA:1028,0
DA:1030,0
DA:1031,0
DA:1036,4
DA:1037,0
DA:1042,4
DA:1043,4
DA:1045,4
DA:1046,0
DA:1052,0
DA:1059,4
DA:1063,4
DA:1065,4
DA:1068,4
DA:1070,4
DA:1071,0
DA:1078,0
DA:1079,0
DA:1080,0
DA:1083,0
DA:1084,0
DA:1090,0
DA:1095,0
DA:1099,0
DA:1100,0
DA:1102,0
DA:1103,0
DA:1110,0
DA:1111,0
DA:1113,0
DA:1115,0
DA:1116,0
DA:1122,0
DA:1127,0
DA:1128,0
DA:1129,0
DA:1134,0
DA:1135,0
DA:1136,0
DA:1138,0
DA:1139,0
DA:1147,0
DA:1148,0
DA:1149,0
DA:1150,0
DA:1154,0
DA:1155,0
DA:1156,0
DA:1157,0
DA:1161,0
DA:1162,0
DA:1163,0
DA:1164,0
DA:1165,0
DA:1166,0
DA:1167,0
DA:1168,0
DA:1171,0
DA:1172,0
DA:1173,0
DA:1189,0
DA:1190,0
DA:1191,0
DA:1192,0
DA:1193,0
DA:1194,0
DA:1195,0
DA:1196,0
DA:1199,0
DA:1200,0
DA:1201,0
DA:1210,4
DA:1213,4
DA:1216,4
DA:1219,0
DA:1230,0
DA:1232,0
DA:1236,0
DA:1237,0
DA:1243,0
DA:1247,0
DA:1249,0
DA:1250,0
DA:1251,0
DA:1254,0
DA:1255,0
DA:1256,0
DA:1259,0
DA:1263,0
DA:1264,0
DA:1265,0
DA:1266,0
DA:1269,0
DA:1270,0
DA:1271,0
DA:1275,0
DA:1277,0
DA:1280,1
DA:1290,1
DA:1292,1
DA:1293,0
DA:1296,1
DA:1300,1
DA:1302,1
DA:1303,0
DA:1304,0
DA:1307,1
DA:1308,1
DA:1309,1
DA:1312,1
DA:1316,1
DA:1317,1
DA:1320,1
DA:1323,1
DA:1326,0
DA:1337,0
DA:1339,0
DA:1343,0
DA:1347,0
DA:1349,0
DA:1350,0
DA:1351,0
DA:1354,0
DA:1355,0
DA:1356,0
DA:1359,0
DA:1363,0
DA:1364,0
DA:1365,0
DA:1366,0
DA:1367,0
DA:1370,0
DA:1371,0
DA:1372,0
DA:1376,0
DA:1378,0
DA:1381,5
DA:1391,5
DA:1393,5
DA:1397,5
DA:1401,5
DA:1403,5
DA:1404,0
DA:1405,0
DA:1408,5
DA:1409,5
DA:1410,5
DA:1413,5
DA:1417,5
DA:1418,5
DA:1419,5
DA:1420,5
DA:1423,5
DA:1424,0
DA:1425,0
DA:1429,5
DA:1431,5
DA:1434,0
DA:1439,0
DA:1441,0
DA:1445,0
DA:1449,0
DA:1451,0
DA:1452,0
DA:1453,0
DA:1456,0
DA:1457,0
DA:1458,0
DA:1461,0
DA:1465,0
DA:1466,0
DA:1468,0
DA:1470,0
DA:1471,0
DA:1473,0
DA:1475,0
DA:1478,0
DA:1479,0
DA:1480,0
DA:1484,0
DA:1486,0
DA:1489,0
DA:1494,0
DA:1496,0
DA:1500,0
DA:1504,0
DA:1506,0
DA:1507,0
DA:1508,0
DA:1511,0
DA:1512,0
DA:1513,0
DA:1516,0
DA:1520,0
DA:1521,0
DA:1524,0
DA:1525,0
DA:1526,0
DA:1530,0
DA:1532,0
DA:1535,0
DA:1554,0
DA:1556,0
DA:1557,0
DA:1559,0
DA:1562,0
DA:1563,0
DA:1566,0
DA:1567,0
DA:1568,0
DA:1572,0
DA:1577,0
DA:1578,0
DA:1582,0
DA:1583,0
DA:1584,0
DA:1588,0
DA:1589,0
DA:1593,0
DA:1596,0
DA:1599,0
DA:1601,0
DA:1602,0
DA:1606,0
DA:1607,0
DA:1608,0
DA:1611,0
DA:1613,0
DA:1614,0
DA:1615,0
DA:1618,0
DA:1620,0
DA:1621,0
DA:1622,0
DA:1625,0
DA:1626,0
DA:1632,0
DA:1636,0
DA:1637,0
DA:1639,0
DA:1640,0
DA:1643,0
DA:1646,0
DA:1649,0
DA:1655,0
DA:1660,0
DA:1667,0
DA:1672,0
DA:1673,0
DA:1675,0
DA:1676,0
DA:1677,0
DA:1680,0
DA:1681,0
DA:1682,0
DA:1684,0
DA:1686,0
DA:1695,0
DA:1699,0
DA:1703,0
DA:1704,0
DA:1705,0
DA:1708,0
DA:1710,0
DA:1713,0
DA:1714,0
DA:1716,0
DA:1717,0
DA:1718,0
DA:1720,0
DA:1722,0
DA:1724,0
DA:1725,0
DA:1726,0
DA:1729,0
DA:1734,1
DA:1740,1
DA:1742,1
DA:1743,1
DA:1749,1
DA:1750,0
DA:1752,1
DA:1755,1
DA:1757,1
DA:1758,0
DA:1760,1
DA:1761,1
DA:1762,1
DA:1763,1
DA:1765,1
DA:1766,0
DA:1771,0
DA:1772,0
DA:1775,1
DA:1777,0
DA:1782,0
DA:1783,0
DA:1786,1
DA:1788,0
DA:1794,0
DA:1797,1
DA:1799,0
DA:1805,0
DA:1809,1
DA:1812,1
DA:1816,1
DA:1817,0
DA:1820,1
DA:1822,1
DA:1833,0
DA:1840,0
DA:1845,0
DA:1846,0
DA:1848,0
DA:1849,0
DA:1850,0
DA:1853,0
DA:1854,0
DA:1855,0
DA:1857,0
DA:1859,0
DA:1868,0
DA:1872,0
DA:1876,0
DA:1877,0
DA:1878,0
DA:1881,0
DA:1883,0
DA:1886,0
DA:1887,0
DA:1889,0
DA:1890,0
DA:1891,0
DA:1893,0
DA:1895,0
DA:1897,0
DA:1898,0
DA:1899,0
DA:1902,0
DA:1907,0
DA:1913,0
DA:1915,0
DA:1916,0
DA:1922,0
DA:1923,0
DA:1925,0
DA:1928,0
DA:1930,0
DA:1931,0
DA:1933,0
DA:1934,0
DA:1935,0
DA:1936,0
DA:1938,0
DA:1939,0
DA:1944,0
DA:1945,0
DA:1948,0
DA:1951,0
DA:1956,0
DA:1957,0
DA:1960,0
DA:1962,0
DA:1968,0
DA:1971,0
DA:1973,0
DA:1979,0
DA:1983,0
DA:1986,0
DA:1987,0
DA:1990,0
DA:1992,0
DA:1995,0
DA:2005,0
DA:2011,0
DA:2016,0
DA:2019,0
DA:2022,0
DA:2025,0
DA:2026,0
DA:2027,0
DA:2028,0
DA:2030,0
DA:2033,0
DA:2035,0
DA:2038,0
DA:2042,0
DA:2048,0
DA:2054,0
DA:2055,0
DA:2056,0
DA:2059,0
DA:2062,0
DA:2065,0
DA:2066,0
DA:2069,0
DA:2072,0
DA:2076,0
DA:2079,0
DA:2083,0
DA:2089,0
DA:2095,0
DA:2098,0
DA:2101,0
DA:2104,0
DA:2106,0
DA:2107,0
DA:2109,0
DA:2112,0
DA:2114,0
DA:2117,0
DA:2121,0
DA:2127,0
DA:2133,0
DA:2134,0
DA:2135,0
DA:2138,0
DA:2141,0
DA:2144,0
DA:2145,0
DA:2146,0
DA:2147,0
DA:2149,0
DA:2152,0
DA:2154,0
DA:2157,0
DA:2161,0
DA:2167,0
DA:2172,0
DA:2175,0
DA:2178,0
DA:2180,0
DA:2181,0
DA:2183,0
DA:2186,0
DA:2190,0
DA:2195,0
DA:2197,0
DA:2198,0
DA:2201,0
DA:2207,0
DA:2208,0
DA:2211,0
DA:2212,0
DA:2218,0
DA:2221,0
DA:2222,0
DA:2224,0
DA:2227,0
DA:2228,0
DA:2229,0
DA:2230,0
DA:2232,0
DA:2233,0
DA:2234,0
DA:2237,0
DA:2238,0
DA:2240,0
DA:2242,0
DA:2243,0
DA:2246,0
DA:2248,0
DA:2251,0
DA:2254,0
DA:2258,0
DA:2261,0
DA:2264,1
DA:2269,1
DA:2272,1
DA:2274,1
DA:2275,0
DA:2276,0
DA:2279,1
DA:2281,1
DA:2282,0
DA:2283,0
DA:2288,1
DA:2290,0
DA:2293,0
DA:2297,1
DA:2298,0
DA:2299,0
DA:2304,1
DA:2306,1
DA:2309,0
DA:2314,0
DA:2317,0
DA:2319,0
DA:2320,0
DA:2321,0
DA:2324,0
DA:2326,0
DA:2327,0
DA:2328,0
DA:2333,0
DA:2334,0
DA:2339,0
DA:2341,0
DA:2346,0
DA:2347,0
DA:2349,0
DA:2355,0
DA:2357,0
DA:2400,0
DA:2410,0
DA:2412,0
DA:2416,0
DA:2431,0
DA:2434,0
DA:2437,0
DA:2439,0
DA:2440,0
DA:2443,0
DA:2446,0
DA:2447,0
DA:2454,0
DA:2456,0
DA:2459,0
DA:2462,0
DA:2464,0
DA:2465,0
DA:2466,0
DA:2467,0
DA:2468,0
DA:2475,0
DA:2478,0
DA:2482,0
DA:2483,0
DA:2486,0
DA:2487,0
DA:2489,0
DA:2491,0
DA:2492,0
DA:2498,0
DA:2500,0
DA:2502,0
DA:2506,0
DA:2507,0
DA:2508,0
DA:2509,0
DA:2514,0
DA:2515,0
DA:2516,0
DA:2520,0
DA:2521,0
DA:2525,0
DA:2526,0
DA:2532,0
DA:2533,0
DA:2537,0
DA:2539,0
DA:2540,0
DA:2542,0
DA:2543,0
DA:2549,0
DA:2551,0
DA:2553,0
DA:2559,0
DA:2562,0
DA:2570,0
DA:2572,0
DA:2576,0
DA:2583,0
DA:2586,0
DA:2593,0
DA:2596,0
DA:2605,0
DA:2609,0
DA:2611,0
DA:2612,0
DA:2614,0
DA:2617,0
DA:2622,0
DA:2624,0
DA:2628,0
DA:2629,0
DA:2636,0
DA:2644,0
DA:2653,0
DA:2659,0
DA:2664,0
DA:2665,0
DA:2669,0
DA:2670,0
DA:2674,0
DA:2682,0
DA:2685,0
DA:2688,0
DA:2690,0
DA:2692,0
DA:2693,0
DA:2695,0
DA:2702,0
DA:2710,0
DA:2720,0
DA:2722,0
DA:2723,0
DA:2725,0
DA:2729,0
DA:2730,0
DA:2734,0
DA:2742,0
DA:2746,0
DA:2748,0
DA:2749,0
DA:2751,0
DA:2752,0
DA:2754,0
DA:2755,0
DA:2756,0
DA:2759,0
DA:2762,0
DA:2764,0
DA:2766,0
DA:2768,0
DA:2769,0
DA:2770,0
DA:2772,0
DA:2775,0
DA:2777,0
DA:2778,0
DA:2779,0
DA:2788,0
DA:2790,0
DA:2793,0
DA:2794,0
DA:2797,0
DA:2805,0
LF:971
LH:216
end_of_record
TN:
SF:/home/runner/work/dlt-daemon/dlt-daemon/src/daemon/dlt_daemon_common.c
FN:91,dlt_daemon_cmp_apid
FN:102,dlt_daemon_cmp_apid_ctid
FN:123,dlt_daemon_find_users_list
FN:229,dlt_daemon_init_runtime_configuration
FN:286,dlt_daemon_init
FN:338,dlt_daemon_free
FN:376,dlt_daemon_init_user_information
FN:422,dlt_daemon_applications_invalidate_fd
FN:448,dlt_daemon_applications_clear
FN:484,dlt_daemon_application_reset_user_handle
FN:511,dlt_daemon_application_add
FN:679,dlt_daemon_application_del
FN:724,dlt_daemon_application_find
FN:758,dlt_daemon_applications_load
FN:850,dlt_daemon_applications_save
FN:899,dlt_daemon_context_add
FN:1118,dlt_daemon_context_del
FN:1171,dlt_daemon_context_find
FN:1208,dlt_daemon_contexts_invalidate_fd
FN:1234,dlt_daemon_contexts_clear
FN:1268,dlt_daemon_contexts_load
FN:1378,dlt_daemon_contexts_save
FN:1432,dlt_daemon_configuration_save
FN:1453,dlt_daemon_configuration_load
FN:1520,dlt_daemon_user_send_log_level
FN:1581,dlt_daemon_user_send_log_state
FN:1610,dlt_daemon_control_reset_to_factory_default
FN:1660,dlt_daemon_user_send_default_update
FN:1694,dlt_daemon_user_send_all_log_level_update
FN:1750,dlt_daemon_user_send_all_trace_status_update
FN:1786,dlt_daemon_user_send_all_log_state
FN:1815,dlt_daemon_change_state
FNDA:5,dlt_daemon_contexts_invalidate_fd
FNDA:0,dlt_daemon_application_del
FNDA:12,dlt_daemon_context_find
FNDA:2,dlt_daemon_applications_load
FNDA:1,dlt_daemon_user_send_all_log_state
FNDA:9,dlt_daemon_application_find
FNDA:3,dlt_daemon_contexts_clear
FNDA:51,dlt_daemon_find_users_list
FNDA:3,dlt_daemon_user_send_log_level
FNDA:0,dlt_daemon_cmp_apid
FNDA:0,dlt_daemon_applications_save
FNDA:0,dlt_daemon_user_send_all_trace_status_update
FNDA:0,dlt_daemon_user_send_all_log_level_update
FNDA:0,dlt_daemon_context_del
FNDA:2,dlt_daemon_init_runtime_configuration
FNDA:3,dlt_daemon_applications_clear
FNDA:3,dlt_daemon_application_add
FNDA:4,dlt_daemon_change_state
FNDA:10,dlt_daemon_init
FNDA:5,dlt_daemon_applications_invalidate_fd
FNDA:0,dlt_daemon_configuration_save
FNDA:6,dlt_daemon_cmp_apid_ctid
FNDA:3,dlt_daemon_context_add
FNDA:0,dlt_daemon_contexts_load
FNDA:0,dlt_daemon_user_send_default_update
FNDA:2,dlt_daemon_configuration_load
FNDA:11,dlt_daemon_init_user_information
FNDA:2,dlt_daemon_free
FNDA:0,dlt_daemon_user_send_log_state
FNDA:0,dlt_daemon_contexts_save
FNDA:2,dlt_daemon_application_reset_user_handle
FNDA:0,dlt_daemon_control_reset_to_factory_default
FNF:32
FNH:20
DA:91,0
DA:93,6
DA:99,6
DA:102,6
DA:104,6
DA:111,6
DA:113,6
DA:115,6
DA:116,6
DA:123,51
DA:127,51
DA:131,51
DA:132,0
DA:133,0
DA:136,53
DA:137,53
DA:138,51
DA:140,0
DA:141,0
DA:229,2
DA:231,2
DA:234,2
DA:238,2
DA:240,2
DA:246,2
DA:247,0
DA:248,0
DA:251,2
DA:252,2
DA:255,2
DA:259,2
DA:260,0
DA:261,0
DA:264,2
DA:265,2
DA:268,2
DA:272,2
DA:273,0
DA:274,0
DA:277,2
DA:278,2
DA:281,2
DA:283,2
DA:286,10
DA:296,10
DA:298,10
DA:301,10
DA:302,10
DA:304,10
DA:305,10
DA:306,10
DA:308,10
DA:310,10
DA:312,10
DA:314,10
DA:316,10
DA:317,10
DA:319,10
DA:322,10
DA:325,10
DA:331,10
DA:335,10
DA:338,2
DA:343,2
DA:345,2
DA:349,5
DA:350,3
DA:352,3
DA:354,3
DA:355,3
DA:359,2
DA:367,2
DA:368,2
DA:371,2
DA:373,2
DA:376,11
DA:384,11
DA:386,11
DA:389,11
DA:391,10
DA:393,10
DA:394,0
DA:395,0
DA:398,10
DA:399,10
DA:402,1
DA:405,1
DA:407,1
DA:408,0
DA:409,0
DA:412,1
DA:413,1
DA:415,2
DA:416,1
DA:422,5
DA:430,5
DA:432,5
DA:435,5
DA:437,5
DA:438,7
DA:439,2
DA:440,0
DA:448,3
DA:453,3
DA:455,3
DA:458,3
DA:460,3
DA:463,3
DA:464,0
DA:471,0
DA:472,0
DA:475,3
DA:476,0
DA:478,3
DA:479,3
DA:481,3
DA:484,2
DA:492,2
DA:495,0
DA:496,0
DA:497,0
DA:498,0
DA:499,0
DA:500,0
DA:504,0
DA:505,0
DA:507,0
DA:508,0
DA:511,3
DA:530,3
DA:533,3
DA:535,3
DA:538,3
DA:539,3
DA:540,3
DA:542,3
DA:549,3
DA:551,3
DA:552,3
DA:554,3
DA:555,3
DA:557,0
DA:558,0
DA:559,0
DA:560,0
DA:563,0
DA:564,0
DA:565,0
DA:566,0
DA:569,0
DA:571,0
DA:572,0
DA:576,3
DA:578,3
DA:579,3
DA:580,3
DA:581,3
DA:582,3
DA:583,3
DA:588,0
DA:591,0
DA:599,3
DA:600,0
DA:601,0
DA:604,3
DA:605,3
DA:607,3
DA:608,3
DA:610,0
DA:611,0
DA:612,0
DA:616,3
DA:617,2
DA:618,2
DA:622,3
DA:642,2
DA:643,0
DA:644,0
DA:652,2
DA:653,2
DA:655,2
DA:656,2
DA:657,2
DA:661,3
DA:662,3
DA:663,3
DA:668,3
DA:679,0
DA:687,0
DA:689,0
DA:692,0
DA:694,0
DA:697,0
DA:698,0
DA:701,0
DA:702,0
DA:703,0
DA:706,0
DA:709,0
DA:710,0
DA:711,0
DA:714,0
DA:718,0
DA:724,9
DA:732,9
DA:734,9
DA:735,9
DA:738,9
DA:740,9
DA:744,6
DA:745,6
DA:746,6
DA:750,6
DA:751,6
DA:752,6
DA:753,6
DA:758,2
DA:766,2
DA:768,2
DA:771,2
DA:773,2
DA:774,2
DA:778,2
DA:780,2
DA:783,0
DA:790,0
DA:793,0
DA:794,0
DA:797,0
DA:798,0
DA:799,0
DA:801,0
DA:803,0
DA:804,0
DA:807,0
DA:810,0
DA:811,0
DA:815,0
DA:817,0
DA:819,0
DA:820,0
DA:821,0
DA:823,0
DA:826,0
DA:831,0
DA:833,0
DA:837,0
DA:838,0
DA:845,0
DA:847,0
DA:850,0
DA:858,0
DA:860,0
DA:865,0
DA:867,0
DA:870,0
DA:871,0
DA:873,0
DA:874,0
DA:875,0
DA:877,0
DA:878,0
DA:887,0
DA:890,0
DA:899,3
DA:916,3
DA:918,3
DA:919,3
DA:922,3
DA:925,3
DA:928,3
DA:930,3
DA:933,3
DA:934,3
DA:936,3
DA:941,3
DA:943,3
DA:947,3
DA:949,3
DA:950,3
DA:952,3
DA:953,3
DA:955,0
DA:956,0
DA:957,0
DA:958,0
DA:961,0
DA:962,0
DA:963,0
DA:964,0
DA:967,0
DA:969,0
DA:970,0
DA:974,3
DA:977,3
DA:978,3
DA:980,3
DA:985,3
DA:986,0
DA:987,0
DA:990,3
DA:991,3
DA:993,3
DA:994,3
DA:1028,3
DA:1032,0
DA:1036,0
DA:1039,0
DA:1050,3
DA:1051,0
DA:1052,3
DA:1053,3
DA:1056,3
DA:1057,3
DA:1062,3
DA:1063,0
DA:1065,3
DA:1068,3
DA:1069,3
DA:1070,3
DA:1075,3
DA:1118,0
DA:1127,0
DA:1129,0
DA:1132,0
DA:1134,0
DA:1137,0
DA:1138,0
DA:1144,0
DA:1145,0
DA:1146,0
DA:1149,0
DA:1152,0
DA:1153,0
DA:1154,0
DA:1157,0
DA:1161,0
DA:1164,0
DA:1165,0
DA:1171,12
DA:1180,12
DA:1182,12
DA:1183,12
DA:1186,12
DA:1188,12
DA:1192,6
DA:1193,6
DA:1194,6
DA:1198,6
DA:1199,6
DA:1201,6
DA:1202,6
DA:1203,6
DA:1208,5
DA:1216,5
DA:1218,5
DA:1221,5
DA:1223,5
DA:1224,5
DA:1225,0
DA:1226,0
DA:1234,3
DA:1239,3
DA:1241,3
DA:1244,3
DA:1246,3
DA:1249,3
DA:1250,0
DA:1251,0
DA:1252,0
DA:1255,3
DA:1256,0
DA:1257,0
DA:1260,3
DA:1261,0
DA:1263,3
DA:1265,3
DA:1268,0
DA:1277,0
DA:1279,0
DA:1282,0
DA:1284,0
DA:1285,0
DA:1288,0
DA:1290,0
DA:1293,0
DA:1300,0
DA:1303,0
DA:1304,0
DA:1307,0
DA:1308,0
DA:1309,0
DA:1311,0
DA:1313,0
DA:1314,0
DA:1317,0
DA:1320,0
DA:1321,0
DA:1325,0
DA:1327,0
DA:1329,0
DA:1330,0
DA:1331,0
DA:1333,0
DA:1334,0
DA:1335,0
DA:1337,0
DA:1338,0
DA:1339,0
DA:1341,0
DA:1342,0
DA:1343,0
DA:1345,0
DA:1349,0
DA:1352,0
DA:1353,0
DA:1357,0
DA:1359,0
DA:1362,0
DA:1363,0
DA:1373,0
DA:1375,0
DA:1378,0
DA:1386,0
DA:1388,0
DA:1391,0
DA:1393,0
DA:1399,0
DA:1400,0
DA:1402,0
DA:1403,0
DA:1404,0
DA:1405,0
DA:1407,0
DA:1408,0
DA:1409,0
DA:1410,0
DA:1411,0
DA:1414,0
DA:1415,0
DA:1416,0
DA:1419,0
DA:1422,0
DA:1432,0
DA:1436,0
DA:1438,0
DA:1441,0
DA:1443,0
DA:1445,0
DA:1447,0
DA:1453,2
DA:1455,2
DA:1464,2
DA:1466,2
DA:1468,2
DA:1471,4
DA:1472,2
DA:1473,2
DA:1474,2
DA:1476,4
DA:1477,2
DA:1480,2
DA:1482,2
DA:1486,0
DA:1487,0
DA:1490,2
DA:1493,2
DA:1495,0
DA:1496,0
DA:1497,0
DA:1501,0
DA:1511,2
DA:1514,0
DA:1520,3
DA:1527,3
DA:1529,3
DA:1530,0
DA:1531,0
DA:1534,3
DA:1535,0
DA:1536,0
DA:1539,3
DA:1540,2
DA:1541,0
DA:1544,3
DA:1545,3
DA:1547,3
DA:1548,3
DA:1550,3
DA:1552,3
DA:1553,3
DA:1554,3
DA:1555,3
DA:1556,3
DA:1561,3
DA:1562,3
DA:1566,3
DA:1567,0
DA:1569,0
DA:1571,0
DA:1572,0
DA:1573,0
DA:1574,0
DA:1578,3
DA:1581,0
DA:1587,0
DA:1589,0
DA:1592,0
DA:1595,0
DA:1598,0
DA:1602,0
DA:1603,0
DA:1604,0
DA:1607,0
DA:1610,0
DA:1620,0
DA:1622,0
DA:1623,0
DA:1624,0
DA:1627,0
DA:1628,0
DA:1629,0
DA:1633,0
DA:1635,0
DA:1637,0
DA:1638,0
DA:1641,0
DA:1643,0
DA:1645,0
DA:1646,0
DA:1649,0
DA:1650,0
DA:1651,0
DA:1657,0
DA:1660,0
DA:1666,0
DA:1668,0
DA:1669,0
DA:1670,0
DA:1673,0
DA:1675,0
DA:1678,0
DA:1679,0
DA:1681,0
DA:1682,0
DA:1683,0
DA:1684,0
DA:1685,0
DA:1688,0
DA:1694,0
DA:1704,0
DA:1706,0
DA:1709,0
DA:1711,0
DA:1714,0
DA:1715,0
DA:1717,0
DA:1718,0
DA:1719,0
DA:1721,0
DA:1732,0
DA:1733,0
DA:1737,0
DA:1740,0
DA:1742,0
DA:1743,0
DA:1744,0
DA:1750,0
DA:1756,0
DA:1758,0
DA:1761,0
DA:1763,0
DA:1766,0
DA:1768,0
DA:1769,0
DA:1771,0
DA:1772,0
DA:1773,0
DA:1775,0
DA:1776,0
DA:1778,0
DA:1779,0
DA:1780,0
DA:1786,1
DA:1792,1
DA:1794,1
DA:1795,0
DA:1796,0
DA:1799,1
DA:1801,1
DA:1804,1
DA:1805,0
DA:1807,0
DA:1808,0
DA:1809,0
DA:1810,0
DA:1815,4
DA:1817,4
DA:1818,0
DA:1819,0
DA:1820,0
DA:1821,0
DA:1822,2
DA:1823,2
DA:1824,2
DA:1825,2
DA:1826,0
DA:1827,0
DA:1828,0
DA:1829,0
DA:1830,1
DA:1831,1
DA:1832,1
DA:1833,1
DA:1834,1
DA:1835,1
DA:1836,1
DA:1837,1
DA:1839,4
LF:619
LH:284
end_of_record
TN:
SF:/home/runner/work/dlt-daemon/dlt-daemon/src/daemon/dlt_daemon_connection.c
FN:68,dlt_connection_send
FN:110,dlt_connection_send_multiple
FN:148,dlt_connection_get_next
FN:156,dlt_connection_destroy_receiver
FN:192,dlt_connection_get_receiver
FN:279,dlt_connection_get_callback
FN:344,dlt_connection_destroy
FN:367,dlt_connection_create
FNDA:17,dlt_connection_get_receiver
FNDA:14,dlt_connection_send_multiple
FNDA:2,dlt_connection_get_next
FNDA:16,dlt_connection_create
FNDA:15,dlt_connection_get_callback
FNDA:28,dlt_connection_send
FNDA:19,dlt_connection_destroy_receiver
FNDA:18,dlt_connection_destroy
FNF:8
FNH:8
DA:68,28
DA:75,28
DA:76,28
DA:78,28
DA:79,1
DA:81,1
DA:82,1
DA:86,26
DA:87,26
DA:90,26
DA:110,14
DA:119,14
DA:122,13
DA:123,1
DA:127,13
DA:128,13
DA:130,13
DA:131,11
DA:148,2
DA:150,3
DA:151,1
DA:153,2
DA:156,19
DA:158,19
DA:161,19
DA:165,2
DA:166,2
DA:167,2
DA:168,2
DA:169,2
DA:170,13
DA:171,13
DA:172,13
DA:173,13
DA:174,13
DA:192,17
DA:200,17
DA:201,8
DA:208,8
DA:210,8
DA:211,8
DA:214,1
DA:215,1
DA:217,1
DA:218,1
DA:221,2
DA:222,2
DA:226,2
DA:227,2
DA:230,0
DA:234,2
DA:235,2
DA:242,3
DA:251,3
DA:253,3
DA:254,3
DA:257,3
DA:259,3
DA:260,3
DA:265,17
DA:279,15
DA:284,15
DA:285,15
DA:287,15
DA:291,8
DA:293,8
DA:294,0
DA:296,0
DA:302,0
DA:304,0
DA:305,1
DA:307,1
DA:308,0
DA:310,0
DA:316,0
DA:318,0
DA:319,0
DA:321,0
DA:322,3
DA:324,3
DA:325,0
DA:327,0
DA:328,0
DA:332,15
DA:344,18
DA:346,18
DA:347,18
DA:348,18
DA:349,18
DA:350,18
DA:367,16
DA:375,16
DA:379,16
DA:387,16
DA:389,16
DA:390,0
DA:391,0
DA:396,16
DA:398,16
DA:399,0
DA:401,0
DA:402,0
DA:406,16
DA:407,16
DA:416,16
DA:417,6
DA:421,16
DA:423,16
DA:425,4
DA:427,16
DA:428,16
DA:433,16
LF:112
LH:93
end_of_record
TN:
SF:/home/runner/work/dlt-daemon/dlt-daemon/src/daemon/dlt_daemon_event_handler.c
FN:77,dlt_daemon_prepare_event_handling
FN:109,dlt_event_handler_enable_fd
FN:142,dlt_event_handler_disable_fd
FN:182,dlt_daemon_handle_event
FN:279,dlt_event_handler_find_connection
FN:302,dlt_daemon_remove_connection
FN:342,dlt_event_handler_cleanup_connections
FN:367,dlt_daemon_add_connection
FN:392,dlt_connection_check_activate
FN:453,dlt_event_handler_register_connection
FN:494,dlt_event_handler_unregister_connection
FNDA:66,dlt_event_handler_find_connection
FNDA:4,dlt_event_handler_unregister_connection
FNDA:7,dlt_daemon_add_connection
FNDA:5,dlt_event_handler_disable_fd
FNDA:20,dlt_daemon_handle_event
FNDA:17,dlt_daemon_remove_connection
FNDA:19,dlt_event_handler_register_connection
FNDA:19,dlt_event_handler_enable_fd
FNDA:9,dlt_daemon_prepare_event_handling
FNDA:3,dlt_event_handler_cleanup_connections
FNDA:25,dlt_connection_check_activate
FNF:11
FNH:11
DA:64,149
DA:65,149
DA:66,149
DA:67,5
DA:77,9
DA:81,9
DA:84,8
DA:86,8
DA:87,0
DA:88,0
DA:91,136
DA:92,128
DA:94,8
DA:95,8
DA:97,8
DA:109,19
DA:111,19
DA:112,2
DA:113,2
DA:114,2
DA:116,2
DA:117,0
DA:119,0
DA:122,2
DA:123,2
DA:125,2
DA:126,0
DA:129,19
DA:130,19
DA:131,19
DA:142,5
DA:146,5
DA:148,20
DA:149,15
DA:151,5
DA:152,5
DA:155,15
DA:156,10
DA:159,5
DA:160,0
DA:161,0
DA:162,0
DA:168,5
DA:182,20
DA:190,20
DA:193,19
DA:195,19
DA:199,2
DA:202,1
DA:203,0
DA:205,2
DA:208,112
DA:213,95
DA:214,78
DA:216,17
DA:218,17
DA:219,17
DA:220,17
DA:223,0
DA:224,0
DA:228,17
DA:231,2
DA:236,2
DA:238,0
DA:242,2
DA:246,15
DA:248,15
DA:249,0
DA:251,0
DA:255,15
DA:259,0
DA:261,0
DA:279,66
DA:281,85
DA:283,296
DA:284,280
DA:285,50
DA:286,211
DA:302,17
DA:305,17
DA:308,17
DA:312,28
DA:314,11
DA:317,17
DA:319,0
DA:320,0
DA:322,17
DA:324,14
DA:327,3
DA:331,17
DA:333,17
DA:342,3
DA:346,3
DA:350,15
DA:352,12
DA:354,14
DA:355,11
DA:357,3
DA:367,7
DA:371,20
DA:373,59
DA:374,39
DA:376,20
DA:377,7
DA:392,25
DA:396,25
DA:397,1
DA:398,1
DA:401,24
DA:402,5
DA:404,5
DA:405,5
DA:407,5
DA:409,5
DA:410,0
DA:412,5
DA:416,19
DA:418,19
DA:419,19
DA:421,19
DA:422,19
DA:425,19
DA:429,0
DA:430,0
DA:431,0
DA:453,19
DA:458,19
DA:459,1
DA:460,1
DA:463,5
DA:465,18
DA:467,4
DA:470,18
DA:472,18
DA:473,18
DA:475,18
DA:494,4
DA:498,4
DA:504,2
DA:506,4
DA:507,0
DA:508,0
DA:511,4
DA:513,3
DA:515,3
DA:516,0
DA:517,0
DA:521,4
DA:524,0
DA:527,4
LF:150
LH:123
end_of_record
TN:
SF:/home/runner/work/dlt-daemon/dlt-daemon/src/daemon/dlt_daemon_offline_logstorage.c
FN:43,dlt_logstorage_split_ecuid
FN:71,dlt_logstorage_split_ctid
FN:96,dlt_logstorage_split_apid
FN:121,dlt_logstorage_split_apid_ctid
FN:161,dlt_logstorage_split_ecuid_apid
FN:205,dlt_logstorage_split_multi
FN:263,dlt_logstorage_split_key
FN:309,dlt_daemon_logstorage_update_passive_node_context
FN:371,dlt_daemon_logstorage_send_log_level
FN:433,dlt_daemon_logstorage_reset_log_level
FN:485,dlt_daemon_logstorage_force_reset_level
FN:547,dlt_logstorage_update_all_contexts
FN:618,dlt_logstorage_update_context
FN:691,dlt_logstorage_update_context_loglevel
FN:786,dlt_daemon_logstorage_reset_application_loglevel
FN:873,dlt_daemon_logstorage_update_application_loglevel
FN:946,dlt_daemon_logstorage_get_loglevel
FN:1014,dlt_daemon_logstorage_write
FN:1093,dlt_daemon_logstorage_setup_internal_storage
FN:1133,dlt_daemon_logstorage_set_logstorage_cache_size
FN:1139,dlt_daemon_logstorage_cleanup
FN:1174,dlt_daemon_logstorage_sync_cache
FN:1236,dlt_daemon_logstorage_get_device
FNDA:1,dlt_logstorage_split_apid_ctid
FNDA:5,dlt_logstorage_update_context_loglevel
FNDA:6,dlt_logstorage_update_context
FNDA:2,dlt_daemon_logstorage_setup_internal_storage
FNDA:4,dlt_daemon_logstorage_update_application_loglevel
FNDA:2,dlt_daemon_logstorage_write
FNDA:4,dlt_logstorage_update_all_contexts
FNDA:2,dlt_daemon_logstorage_get_loglevel
FNDA:0,dlt_daemon_logstorage_update_passive_node_context
FNDA:2,dlt_daemon_logstorage_sync_cache
FNDA:3,dlt_daemon_logstorage_set_logstorage_cache_size
FNDA:0,dlt_daemon_logstorage_force_reset_level
FNDA:3,dlt_daemon_logstorage_get_device
FNDA:10,dlt_logstorage_split_key
FNDA:1,dlt_logstorage_split_ecuid_apid
FNDA:1,dlt_logstorage_split_apid
FNDA:2,dlt_daemon_logstorage_send_log_level
FNDA:2,dlt_daemon_logstorage_reset_application_loglevel
FNDA:0,dlt_logstorage_split_ecuid
FNDA:1,dlt_daemon_logstorage_reset_log_level
FNDA:2,dlt_logstorage_split_multi
FNDA:0,dlt_logstorage_split_ctid
FNDA:2,dlt_daemon_logstorage_cleanup
FNF:23
FNH:19
DA:43,0
DA:49,0
DA:52,0
DA:56,0
DA:71,0
DA:76,0
DA:79,0
DA:82,0
DA:96,1
DA:101,1
DA:104,1
DA:107,1
DA:121,1
DA:128,1
DA:132,1
DA:134,1
DA:139,1
DA:141,1
DA:146,1
DA:161,1
DA:169,1
DA:173,1
DA:175,1
DA:180,1
DA:182,1
DA:189,1
DA:205,2
DA:213,2
DA:216,2
DA:218,2
DA:221,2
DA:223,2
DA:226,0
DA:228,0
DA:235,2
DA:237,2
DA:240,2
DA:242,2
DA:263,10
DA:269,10
DA:272,5
DA:274,5
DA:276,5
DA:280,5
DA:281,0
DA:283,5
DA:284,0
DA:286,5
DA:287,1
DA:289,4
DA:290,1
DA:292,3
DA:293,1
DA:296,2
DA:309,0
DA:317,0
DA:318,0
DA:321,0
DA:323,0
DA:324,0
DA:325,0
DA:326,0
DA:329,0
DA:331,0
DA:332,0
DA:335,0
DA:338,0
DA:339,0
DA:341,0
DA:342,0
DA:344,0
DA:346,0
DA:347,0
DA:351,0
DA:371,2
DA:381,2
DA:382,2
DA:383,0
DA:384,0
DA:387,2
DA:388,2
DA:390,2
DA:393,2
DA:394,2
DA:395,0
DA:396,0
DA:402,0
DA:404,0
DA:406,0
DA:407,0
DA:408,0
DA:409,0
DA:433,1
DA:440,1
DA:441,1
DA:442,0
DA:443,0
DA:447,1
DA:449,1
DA:450,1
DA:451,1
DA:454,0
DA:455,0
DA:459,0
DA:460,0
DA:461,0
DA:485,0
DA:496,0
DA:498,0
DA:499,0
DA:500,0
DA:501,0
DA:504,0
DA:505,0
DA:507,0
DA:511,0
DA:512,0
DA:515,0
DA:518,0
DA:519,0
DA:521,0
DA:523,0
DA:547,4
DA:557,4
DA:559,4
DA:560,3
DA:562,1
DA:563,1
DA:566,3
DA:568,3
DA:571,3
DA:572,0
DA:573,0
DA:574,0
DA:575,0
DA:578,0
DA:580,0
DA:581,0
DA:582,0
DA:584,0
DA:589,0
DA:591,0
DA:618,6
DA:628,6
DA:629,5
DA:630,1
DA:631,1
DA:634,5
DA:636,5
DA:637,3
DA:638,2
DA:645,1
DA:653,2
DA:656,0
DA:665,2
DA:671,2
DA:691,5
DA:698,5
DA:699,5
DA:700,5
DA:702,5
DA:704,5
DA:707,4
DA:708,0
DA:710,0
DA:713,4
DA:714,2
DA:717,4
DA:720,0
DA:727,0
DA:729,4
DA:732,1
DA:739,0
DA:742,3
DA:746,0
DA:753,0
DA:757,3
DA:765,2
DA:786,2
DA:795,2
DA:799,2
DA:801,2
DA:802,1
DA:803,2
DA:806,2
DA:809,0
DA:811,0
DA:812,0
DA:817,0
DA:818,0
DA:820,0
DA:824,0
DA:825,0
DA:833,0
DA:840,0
DA:844,0
DA:845,0
DA:847,0
DA:848,0
DA:850,0
DA:851,0
DA:873,4
DA:880,4
DA:884,4
DA:886,4
DA:888,1
DA:891,1
DA:894,3
DA:896,3
DA:897,3
DA:902,3
DA:903,6
DA:905,6
DA:909,3
DA:910,3
DA:914,3
DA:915,3
DA:917,0
DA:918,0
DA:922,3
DA:928,3
DA:946,2
DA:951,2
DA:958,2
DA:961,2
DA:962,1
DA:964,1
DA:968,1
DA:970,1
DA:971,0
DA:972,0
DA:975,2
DA:977,1
DA:978,0
DA:982,1
DA:983,0
DA:984,0
DA:987,1
DA:988,1
DA:994,1
DA:1014,2
DA:1027,2
DA:1028,1
DA:1029,1
DA:1030,1
DA:1033,1
DA:1038,1
DA:1039,1
DA:1040,1
DA:1041,1
DA:1042,1
DA:1043,1
DA:1045,2
DA:1046,1
DA:1048,1
DA:1049,1
DA:1058,0
DA:1063,0
DA:1064,0
DA:1067,1
DA:1068,1
DA:1072,0
DA:1093,2
DA:1100,2
DA:1102,2
DA:1107,1
DA:1109,1
DA:1110,0
DA:1111,0
DA:1115,1
DA:1120,1
DA:1122,0
DA:1125,0
DA:1133,3
DA:1136,3
DA:1137,3
DA:1139,2
DA:1145,2
DA:1147,2
DA:1150,2
DA:1152,1
DA:1155,0
DA:1156,0
DA:1157,0
DA:1158,0
DA:1159,0
DA:1160,0
DA:1161,0
DA:1162,0
DA:1163,0
DA:1164,0
DA:1166,0
DA:1174,2
DA:1182,2
DA:1184,2
DA:1187,1
DA:1188,1
DA:1193,1
DA:1197,1
DA:1198,1
DA:1199,1
DA:1200,1
DA:1201,1
DA:1202,1
DA:1203,1
DA:1204,1
DA:1205,1
DA:1206,1
DA:1208,1
DA:1209,0
DA:1214,0
DA:1215,0
DA:1217,0
DA:1218,0
DA:1219,0
DA:1220,0
DA:1221,0
DA:1222,0
DA:1223,0
DA:1224,0
DA:1225,0
DA:1226,0
DA:1228,0
DA:1236,3
DA:1246,3
DA:1248,3
DA:1251,2
DA:1253,2
DA:1254,2
DA:1259,2
DA:1261,2
DA:1262,2
LF:332
LH:192
end_of_record
TN:
SF:/home/runner/work/dlt-daemon/dlt-daemon/src/daemon/dlt_daemon_serial.c
FN:69,dlt_daemon_serial_send
FNDA:0,dlt_daemon_serial_send
FNF:1
FNH:0
DA:69,0
DA:77,0
DA:78,0
DA:85,0
DA:86,0
DA:91,0
DA:92,0
DA:93,0
LF:8
LH:0
end_of_record
TN:
SF:/home/runner/work/dlt-daemon/dlt-daemon/src/daemon/dlt_daemon_socket.c
FN:58,dlt_daemon_socket_open
FN:158,dlt_daemon_socket_close
FN:165,dlt_daemon_socket_send
FN:201,dlt_daemon_socket_get_send_qeue_max_size
FN:210,dlt_daemon_socket_sendreliable
FNDA:12,dlt_daemon_socket_send
FNDA:50,dlt_daemon_socket_sendreliable
FNDA:2,dlt_daemon_socket_open
FNDA:0,dlt_daemon_socket_close
FNDA:0,dlt_daemon_socket_get_send_qeue_max_size
FNF:5
FNH:3
DA:58,2
DA:60,2
DA:67,2
DA:68,0
DA:69,0
DA:71,0
DA:85,2
DA:88,2
DA:89,0
DA:90,0
DA:95,0
DA:102,2
DA:103,2
DA:105,2
DA:106,2
DA:108,0
DA:120,0
DA:121,0
DA:122,0
DA:128,0
DA:131,2
DA:132,0
DA:133,0
DA:134,0
DA:136,0
DA:140,2
DA:143,4
DA:146,2
DA:147,0
DA:148,0
DA:152,0
DA:158,0
DA:160,0
DA:162,0
DA:165,12
DA:175,12
DA:176,0
DA:180,0
DA:186,12
DA:187,12
DA:189,12
DA:194,12
DA:195,12
DA:201,0
DA:203,2
DA:204,2
DA:205,2
DA:207,2
DA:210,50
DA:214,100
DA:215,50
DA:217,50
DA:220,50
DA:221,0
DA:222,0
DA:223,0
DA:225,50
LF:57
LH:30
end_of_record
TN:
SF:/home/runner/work/dlt-daemon/dlt-daemon/src/daemon/dlt_daemon_unix_socket.c
FN:87,dlt_daemon_unix_socket_open
FN:176,dlt_daemon_unix_socket_close
FNDA:0,dlt_daemon_unix_socket_close
FNDA:2,dlt_daemon_unix_socket_open
FNF:2
FNH:1
DA:87,2
DA:92,2
DA:93,0
DA:94,0
DA:139,2
DA:140,0
DA:141,0
DA:145,2
DA:148,2
DA:151,2
DA:153,2
DA:154,0
DA:155,0
DA:156,0
DA:159,2
DA:160,0
DA:161,0
DA:162,0
DA:166,2
DA:173,2
DA:176,0
DA:178,0
DA:180,0
DA:181,0
DA:184,0
LF:25
LH:10
end_of_record
TN:
SF:/home/runner/work/dlt-daemon/dlt-daemon/src/gateway/dlt_gateway.c
FN:57,dlt_gateway_check_ip
FN:94,dlt_gateway_check_port
FN:132,dlt_gateway_check_ecu
FN:155,dlt_gateway_check_connect_trigger
FN:186,dlt_gateway_check_timeout
FN:210,dlt_gateway_check_interval
FN:233,dlt_gateway_check_send_serial
FN:252,dlt_gateway_allocate_control_messages
FN:290,dlt_gateway_check_control_messages
FN:357,dlt_gateway_check_periodic_control_messages
FN:537,dlt_gateway_check_general_param
FN:561,dlt_gateway_check_param
FN:585,dlt_gateway_store_connection
FN:656,dlt_gateway_configure
FN:830,dlt_gateway_init
FN:864,dlt_gateway_deinit
FN:903,dlt_gateway_add_to_event_loop
FN:960,dlt_gateway_establish_connections
FN:1055,dlt_gateway_get_connection_receiver
FN:1084,dlt_gateway_parse_get_log_info
FN:1210,dlt_gateway_parse_get_default_log_level
FN:1259,dlt_gateway_control_service_logstorage
FN:1286,dlt_gateway_process_passive_node_messages
FN:1499,dlt_gateway_process_gateway_timer
FN:1536,dlt_gateway_forward_control_message
FN:1614,dlt_gateway_process_on_demand_request
FN:1682,dlt_gateway_send_control_message
FN:1761,dlt_gateway_get_connection
FNDA:6,dlt_gateway_establish_connections
FNDA:0,dlt_gateway_forward_control_message
FNDA:7,dlt_gateway_check_ip
FNDA:6,dlt_gateway_get_connection_receiver
FNDA:9,dlt_gateway_check_port
FNDA:7,dlt_gateway_check_timeout
FNDA:3,dlt_gateway_add_to_event_loop
FNDA:3,dlt_gateway_deinit
FNDA:17,dlt_gateway_allocate_control_messages
FNDA:0,dlt_gateway_get_connection
FNDA:0,dlt_gateway_check_general_param
FNDA:6,dlt_gateway_check_control_messages
FNDA:1,dlt_gateway_control_service_logstorage
FNDA:7,dlt_gateway_store_connection
FNDA:5,dlt_gateway_configure
FNDA:4,dlt_gateway_init
FNDA:5,dlt_gateway_process_passive_node_messages
FNDA:0,dlt_gateway_parse_get_default_log_level
FNDA:6,dlt_gateway_check_ecu
FNDA:0,dlt_gateway_check_interval
FNDA:2,dlt_gateway_process_gateway_timer
FNDA:7,dlt_gateway_check_connect_trigger
FNDA:3,dlt_gateway_parse_get_log_info
FNDA:3,dlt_gateway_process_on_demand_request
FNDA:6,dlt_gateway_check_send_serial
FNDA:2,dlt_gateway_check_periodic_control_messages
FNDA:32,dlt_gateway_check_param
FNDA:12,dlt_gateway_send_control_message
FNF:28
FNH:23
DA:57,7
DA:62,7
DA:63,1
DA:64,1
DA:67,6
DA:70,6
DA:71,6
DA:73,6
DA:74,0
DA:75,0
DA:81,0
DA:84,0
DA:94,9
DA:99,9
DA:100,1
DA:101,1
DA:104,8
DA:105,8
DA:106,8
DA:107,8
DA:108,0
DA:109,0
DA:113,8
DA:115,6
DA:116,6
DA:119,2
DA:122,2
DA:132,6
DA:135,6
DA:136,1
DA:137,1
DA:140,5
DA:142,5
DA:143,0
DA:155,7
DA:158,7
DA:159,1
DA:160,1
DA:163,6
DA:164,5
DA:166,1
DA:168,0
DA:171,1
DA:172,1
DA:173,1
DA:186,7
DA:189,7
DA:190,1
DA:191,1
DA:194,6
DA:197,6
DA:198,5
DA:210,0
DA:213,0
DA:214,0
DA:215,0
DA:218,0
DA:220,0
DA:221,0
DA:233,6
DA:236,6
DA:237,1
DA:238,1
DA:241,5
DA:243,5
DA:252,17
DA:254,17
DA:255,1
DA:256,1
DA:259,16
DA:260,7
DA:262,7
DA:263,0
DA:265,0
DA:269,9
DA:271,9
DA:272,0
DA:274,0
DA:277,9
DA:290,6
DA:295,6
DA:298,6
DA:299,1
DA:300,1
DA:303,5
DA:307,5
DA:309,18
DA:310,13
DA:311,0
DA:313,0
DA:316,13
DA:317,13
DA:318,13
DA:319,13
DA:320,13
DA:322,13
DA:325,13
DA:326,0
DA:329,0
DA:331,13
DA:334,0
DA:337,0
DA:340,13
DA:344,5
DA:345,5
DA:347,5
DA:357,2
DA:362,2
DA:365,2
DA:366,1
DA:367,1
DA:370,1
DA:374,1
DA:377,1
DA:379,3
DA:381,2
DA:384,2
DA:386,2
DA:387,2
DA:390,2
DA:393,3
DA:394,1
DA:395,0
DA:396,0
DA:398,0
DA:399,0
DA:407,1
DA:411,2
DA:413,2
DA:416,2
DA:417,1
DA:420,0
DA:423,2
DA:424,0
DA:426,0
DA:429,2
DA:430,2
DA:431,2
DA:432,2
DA:433,2
DA:435,2
DA:436,0
DA:441,2
DA:442,1
DA:446,2
DA:447,0
DA:450,0
DA:452,2
DA:455,0
DA:458,0
DA:461,2
DA:465,1
DA:466,1
DA:468,1
DA:537,0
DA:541,0
DA:542,0
DA:543,0
DA:546,0
DA:547,0
DA:561,32
DA:566,32
DA:567,1
DA:568,1
DA:571,31
DA:572,31
DA:585,7
DA:591,7
DA:593,7
DA:594,2
DA:595,2
DA:599,5
DA:600,5
DA:603,0
DA:606,5
DA:610,5
DA:611,5
DA:612,5
DA:613,5
DA:614,5
DA:615,5
DA:616,5
DA:617,5
DA:618,5
DA:619,5
DA:620,5
DA:621,5
DA:622,5
DA:624,5
DA:627,0
DA:628,0
DA:629,0
DA:630,0
DA:631,0
DA:632,0
DA:633,0
DA:634,0
DA:638,5
DA:639,5
DA:640,0
DA:642,0
DA:656,5
DA:661,5
DA:663,5
DA:665,5
DA:666,1
DA:667,1
DA:671,4
DA:672,4
DA:677,4
DA:678,4
DA:679,0
DA:680,0
DA:681,0
DA:684,4
DA:685,4
DA:690,4
DA:691,4
DA:700,0
DA:703,4
DA:706,4
DA:707,0
DA:708,0
DA:709,0
DA:712,8
DA:717,4
DA:718,4
DA:723,4
DA:724,4
DA:726,4
DA:727,4
DA:728,0
DA:729,0
DA:732,4
DA:734,0
DA:735,0
DA:737,0
DA:740,0
DA:742,0
DA:745,0
DA:747,0
DA:749,0
DA:752,0
DA:756,0
DA:758,0
DA:759,0
DA:765,36
DA:766,32
DA:768,32
DA:771,32
DA:773,4
DA:776,4
DA:778,28
DA:780,0
DA:784,0
DA:788,28
DA:790,28
DA:791,0
DA:797,4
DA:801,4
DA:802,0
DA:808,4
DA:810,4
DA:811,0
DA:816,4
DA:817,4
DA:818,4
DA:820,4
DA:821,4
DA:826,4
DA:827,4
DA:830,4
DA:832,4
DA:834,4
DA:835,1
DA:836,1
DA:839,3
DA:843,3
DA:844,3
DA:846,3
DA:847,3
DA:849,0
DA:850,0
DA:859,3
DA:861,3
DA:864,3
DA:869,3
DA:870,0
DA:871,0
DA:874,3
DA:876,5
DA:877,2
DA:878,2
DA:879,2
DA:880,2
DA:881,2
DA:882,2
DA:884,6
DA:885,4
DA:886,4
DA:887,4
DA:891,3
DA:892,3
DA:903,3
DA:910,3
DA:911,0
DA:912,0
DA:916,3
DA:917,3
DA:918,3
DA:919,3
DA:922,3
DA:927,0
DA:928,0
DA:932,3
DA:934,9
DA:935,6
DA:937,6
DA:941,6
DA:945,6
DA:946,0
DA:947,0
DA:948,0
DA:950,6
DA:954,3
DA:955,3
DA:957,3
DA:960,6
DA:967,6
DA:969,6
DA:970,1
DA:971,1
DA:974,10
DA:975,5
DA:978,5
DA:979,0
DA:980,0
DA:983,5
DA:984,5
DA:986,5
DA:988,5
DA:990,3
DA:991,0
DA:992,0
DA:996,2
DA:999,2
DA:1001,2
DA:1002,0
DA:1003,0
DA:1004,0
DA:1009,2
DA:1010,2
DA:1014,0
DA:1015,0
DA:1018,0
DA:1023,0
DA:1024,0
DA:1028,0
DA:1030,0
DA:1031,0
DA:1033,0
DA:1037,0
DA:1040,0
DA:1044,0
DA:1045,0
DA:1047,0
DA:1048,0
DA:1055,6
DA:1059,6
DA:1060,1
DA:1061,1
DA:1064,6
DA:1065,5
DA:1067,5
DA:1068,4
DA:1084,3
DA:1090,3
DA:1097,3
DA:1099,3
DA:1100,1
DA:1101,1
DA:1104,2
DA:1108,1
DA:1110,0
DA:1111,0
DA:1112,0
DA:1116,0
DA:1117,0
DA:1118,0
DA:1123,1
DA:1127,0
DA:1128,0
DA:1132,1
DA:1134,1
DA:1135,0
DA:1137,0
DA:1140,1
DA:1141,0
DA:1142,0
DA:1143,0
DA:1146,1
DA:1147,0
DA:1148,0
DA:1149,0
DA:1152,2
DA:1153,1
DA:1156,1
DA:1163,0
DA:1166,0
DA:1167,0
DA:1170,2
DA:1171,1
DA:1174,1
DA:1177,1
DA:1178,1
DA:1184,0
DA:1188,0
DA:1189,0
DA:1195,1
DA:1197,1
DA:1210,0
DA:1219,0
DA:1221,0
DA:1222,0
DA:1223,0
DA:1226,0
DA:1228,0
DA:1229,0
DA:1233,0
DA:1235,0
DA:1239,0
DA:1240,0
DA:1243,0
DA:1246,0
DA:1248,0
DA:1259,1
DA:1266,1
DA:1267,1
DA:1269,1
DA:1272,0
DA:1273,0
DA:1275,0
DA:1277,0
DA:1286,5
DA:1294,5
DA:1297,5
DA:1298,1
DA:1299,1
DA:1302,4
DA:1311,4
DA:1312,4
DA:1317,4
DA:1318,0
DA:1319,0
DA:1323,4
DA:1324,0
DA:1326,0
DA:1330,4
DA:1332,1
DA:1333,0
DA:1334,0
DA:1337,1
DA:1339,1
DA:1340,1
DA:1341,1
DA:1342,1
DA:1345,0
DA:1347,0
DA:1350,0
DA:1353,1
DA:1356,15
DA:1357,15
DA:1358,15
DA:1360,15
DA:1367,12
DA:1370,12
DA:1372,12
DA:1380,12
DA:1381,12
DA:1384,12
DA:1385,1
DA:1386,1
DA:1387,1
DA:1390,1
DA:1392,1
DA:1395,1
DA:1400,1
DA:1401,1
DA:1404,0
DA:1407,11
DA:1409,0
DA:1415,0
DA:1420,12
DA:1422,0
DA:1423,0
DA:1426,12
DA:1432,12
DA:1433,12
DA:1437,0
DA:1445,0
DA:1446,0
DA:1448,0
DA:1452,0
DA:1454,0
DA:1463,12
DA:1464,0
DA:1465,0
DA:1466,0
DA:1467,0
DA:1470,0
DA:1471,0
DA:1474,12
DA:1475,12
DA:1476,12
DA:1479,0
DA:1480,0
DA:1484,3
DA:1485,0
DA:1487,3
DA:1489,0
DA:1490,0
DA:1493,3
DA:1494,0
DA:1499,2
DA:1504,2
DA:1507,2
DA:1509,2
DA:1510,1
DA:1513,1
DA:1516,1
DA:1518,1
DA:1519,1
DA:1522,1
DA:1527,1
DA:1531,1
DA:1533,1
DA:1536,0
DA:1548,0
DA:1550,0
DA:1551,0
DA:1552,0
DA:1555,0
DA:1556,0
DA:1565,0
DA:1566,0
DA:1567,0
DA:1570,0
DA:1571,0
DA:1572,0
DA:1575,0
DA:1576,0
DA:1581,0
DA:1582,0
DA:1583,0
DA:1587,0
DA:1589,0
DA:1592,0
DA:1593,0
DA:1594,0
DA:1597,0
DA:1599,0
DA:1600,0
DA:1601,0
DA:1605,0
DA:1606,0
DA:1608,0
DA:1611,0
DA:1614,3
DA:1623,3
DA:1625,3
DA:1626,1
DA:1627,1
DA:1631,2
DA:1632,2
DA:1638,2
DA:1639,0
DA:1640,0
DA:1643,2
DA:1645,2
DA:1646,1
DA:1648,0
DA:1649,0
DA:1650,0
DA:1654,1
DA:1655,1
DA:1659,1
DA:1662,0
DA:1665,0
DA:1666,0
DA:1668,0
DA:1671,0
DA:1675,0
DA:1676,0
DA:1682,12
DA:1689,12
DA:1691,12
DA:1692,1
DA:1695,1
DA:1699,11
DA:1704,11
DA:1705,0
DA:1708,0
DA:1710,0
DA:1715,11
DA:1716,0
DA:1721,0
DA:1722,0
DA:1723,0
DA:1727,11
DA:1728,4
DA:1729,4
DA:1731,1
DA:1732,1
DA:1734,4
DA:1735,4
DA:1737,2
DA:1739,2
DA:1740,1
DA:1743,1
DA:1747,1
DA:1748,1
DA:1749,1
DA:1750,1
DA:1752,0
DA:1753,0
DA:1758,0
DA:1761,0
DA:1768,0
DA:1770,0
DA:1771,0
DA:1772,0
DA:1775,0
DA:1776,0
DA:1778,0
DA:1779,0
DA:1782,0
DA:1784,0
LF:637
LH:387
end_of_record
TN:
SF:/home/runner/work/dlt-daemon/dlt-daemon/src/lib/dlt_client.c
FN:103,dlt_client_register_message_callback
FN:108,dlt_client_register_fetch_next_message_callback
FN:113,dlt_client_init_port
FN:139,dlt_client_init
FN:172,dlt_client_connect
FN:477,dlt_client_cleanup
FN:517,dlt_client_main_loop
FN:584,dlt_client_send_message_to_socket
FN:626,dlt_client_send_ctrl_msg
FN:780,dlt_client_send_inject_msg
FN:815,dlt_client_send_log_level
FN:847,dlt_client_get_log_info
FN:878,dlt_client_get_default_log_level
FN:906,dlt_client_get_software_version
FN:930,dlt_client_send_trace_status
FN:957,dlt_client_send_default_log_level
FN:982,dlt_client_send_all_log_level
FN:1007,dlt_client_send_default_trace_status
FN:1032,dlt_client_send_all_trace_status
FN:1064,dlt_client_send_timing_pakets
FN:1088,dlt_client_send_store_config
FN:1101,dlt_client_send_reset_to_factory_default
FN:1114,dlt_client_setbaudrate
FN:1124,dlt_client_set_mode
FN:1134,dlt_client_set_server_ip
FN:1146,dlt_client_set_host_if_address
FN:1158,dlt_client_set_serial_device
FN:1170,dlt_client_set_socket_path
FN:1187,dlt_client_free_calloc_failed_get_log_info
FN:1219,dlt_client_parse_get_log_info_resp_text
FN:1371,dlt_client_cleanup_get_log_info
FNDA:4,dlt_client_get_log_info
FNDA:1,dlt_client_get_default_log_level
FNDA:0,dlt_client_set_serial_device
FNDA:0,dlt_client_register_message_callback
FNDA:0,dlt_client_setbaudrate
FNDA:0,dlt_client_init
FNDA:6,dlt_client_connect
FNDA:0,dlt_client_set_mode
FNDA:0,dlt_client_send_timing_pakets
FNDA:4,dlt_client_get_software_version
FNDA:0,dlt_client_send_all_trace_status
FNDA:0,dlt_client_set_host_if_address
FNDA:0,dlt_client_send_inject_msg
FNDA:1,dlt_client_send_log_level
FNDA:0,dlt_client_send_default_trace_status
FNDA:2,dlt_client_parse_get_log_info_resp_text
FNDA:0,dlt_client_register_fetch_next_message_callback
FNDA:0,dlt_client_free_calloc_failed_get_log_info
FNDA:10,dlt_client_send_ctrl_msg
FNDA:0,dlt_client_send_reset_to_factory_default
FNDA:0,dlt_client_send_trace_status
FNDA:0,dlt_client_send_all_log_level
FNDA:2,dlt_client_cleanup
FNDA:5,dlt_client_init_port
FNDA:5,dlt_client_set_server_ip
FNDA:0,dlt_client_send_store_config
FNDA:0,dlt_client_send_default_log_level
FNDA:0,dlt_client_send_message_to_socket
FNDA:2,dlt_client_cleanup_get_log_info
FNDA:0,dlt_client_set_socket_path
FNDA:0,dlt_client_main_loop
FNF:31
FNH:11
DA:103,0
DA:105,0
DA:106,0
DA:108,0
DA:110,0
DA:111,0
DA:113,5
DA:115,5
DA:116,0
DA:121,5
DA:124,5
DA:125,5
DA:126,5
DA:127,5
DA:128,5
DA:129,5
DA:130,5
DA:131,5
DA:132,5
DA:133,5
DA:134,5
DA:136,5
DA:139,0
DA:147,0
DA:149,0
DA:152,0
DA:153,0
DA:157,0
DA:160,0
DA:164,0
DA:165,0
DA:169,0
DA:172,6
DA:174,6
DA:175,6
DA:185,6
DA:189,6
DA:191,6
DA:194,6
DA:195,6
DA:196,6
DA:198,6
DA:199,0
DA:203,3
DA:206,10
DA:207,7
DA:208,0
DA:211,0
DA:212,0
DA:216,7
DA:218,0
DA:220,0
DA:221,0
DA:222,0
DA:225,7
DA:226,7
DA:227,7
DA:228,7
DA:230,7
DA:231,0
DA:233,0
DA:234,0
DA:236,14
DA:237,7
DA:239,7
DA:240,3
DA:241,3
DA:242,3
DA:243,0
DA:246,0
DA:247,0
DA:252,4
DA:253,4
DA:257,0
DA:258,0
DA:259,0
DA:264,0
DA:265,0
DA:272,6
DA:274,6
DA:275,3
DA:279,3
DA:282,3
DA:283,1
DA:291,3
DA:292,0
DA:294,0
DA:296,0
DA:297,0
DA:301,0
DA:304,0
DA:307,0
DA:308,0
DA:312,0
DA:313,0
DA:321,0
DA:322,0
DA:326,0
DA:328,0
DA:331,0
DA:332,0
DA:340,0
DA:342,0
DA:343,0
DA:346,0
DA:348,0
DA:352,0
DA:353,0
DA:355,0
DA:358,0
DA:361,0
DA:363,0
DA:366,0
DA:367,0
DA:372,0
DA:378,0
DA:380,0
DA:382,0
DA:385,0
DA:387,0
DA:391,0
DA:393,0
DA:396,0
DA:398,0
DA:401,0
DA:402,0
DA:404,0
DA:407,0
DA:409,0
DA:412,0
DA:414,0
DA:417,0
DA:418,0
DA:420,0
DA:422,0
DA:424,0
DA:428,0
DA:431,0
DA:432,0
DA:434,0
DA:435,0
DA:436,0
DA:438,0
DA:443,0
DA:446,0
DA:448,0
DA:451,0
DA:453,0
DA:455,0
DA:460,0
DA:461,0
DA:466,0
DA:469,3
DA:470,0
DA:471,0
DA:477,2
DA:481,2
DA:482,0
DA:484,2
DA:487,2
DA:488,2
DA:490,2
DA:491,0
DA:495,2
DA:496,0
DA:497,0
DA:500,2
DA:501,2
DA:502,2
DA:505,2
DA:506,0
DA:507,0
DA:510,2
DA:511,0
DA:512,0
DA:517,0
DA:522,0
DA:525,0
DA:529,0
DA:531,0
DA:533,0
DA:535,0
DA:538,0
DA:541,0
DA:542,0
DA:544,0
DA:547,0
DA:548,0
DA:550,0
DA:551,0
DA:552,0
DA:556,0
DA:557,0
DA:560,0
DA:561,0
DA:564,0
DA:565,0
DA:569,0
DA:571,0
DA:572,0
DA:574,0
DA:575,0
DA:578,0
DA:579,0
DA:584,0
DA:588,0
DA:589,0
DA:591,0
DA:592,0
DA:595,0
DA:597,0
DA:599,0
DA:601,0
DA:602,0
DA:603,0
DA:607,0
DA:609,0
DA:610,0
DA:612,0
DA:613,0
DA:616,0
DA:617,0
DA:619,0
DA:620,0
DA:626,10
DA:635,10
DA:639,10
DA:643,10
DA:645,10
DA:646,0
DA:647,0
DA:650,10
DA:651,10
DA:652,10
DA:655,10
DA:656,0
DA:657,0
DA:661,10
DA:664,10
DA:666,10
DA:667,0
DA:668,0
DA:672,10
DA:673,10
DA:679,10
DA:682,10
DA:684,10
DA:687,10
DA:688,0
DA:689,0
DA:693,10
DA:695,10
DA:696,10
DA:698,10
DA:700,10
DA:702,19
DA:703,19
DA:706,10
DA:709,10
DA:711,10
DA:713,10
DA:714,0
DA:718,0
DA:720,0
DA:723,10
DA:726,10
DA:728,10
DA:730,0
DA:731,0
DA:733,0
DA:734,0
DA:735,0
DA:738,10
DA:739,10
DA:741,10
DA:742,0
DA:743,0
DA:744,0
DA:747,10
DA:749,10
DA:750,0
DA:751,0
DA:752,0
DA:755,10
DA:756,10
DA:758,10
DA:765,0
DA:767,0
DA:768,0
DA:769,0
DA:774,10
DA:775,0
DA:780,0
DA:790,0
DA:792,0
DA:798,0
DA:800,0
DA:803,0
DA:805,0
DA:806,0
DA:809,0
DA:811,0
DA:815,1
DA:820,1
DA:823,1
DA:825,1
DA:828,1
DA:829,1
DA:830,1
DA:831,1
DA:832,1
DA:835,1
DA:842,1
DA:844,1
DA:847,4
DA:852,4
DA:855,4
DA:857,4
DA:860,4
DA:861,4
DA:862,4
DA:863,4
DA:864,4
DA:867,4
DA:873,4
DA:875,4
DA:878,1
DA:883,1
DA:887,1
DA:889,1
DA:892,1
DA:895,1
DA:901,1
DA:903,1
DA:906,4
DA:911,4
DA:914,4
DA:916,4
DA:919,4
DA:925,4
DA:927,4
DA:930,0
DA:934,0
DA:936,0
DA:939,0
DA:940,0
DA:941,0
DA:942,0
DA:943,0
DA:946,0
DA:948,0
DA:949,0
DA:952,0
DA:954,0
DA:957,0
DA:961,0
DA:963,0
DA:966,0
DA:967,0
DA:968,0
DA:971,0
DA:973,0
DA:974,0
DA:977,0
DA:979,0
DA:982,0
DA:986,0
DA:988,0
DA:991,0
DA:992,0
DA:993,0
DA:996,0
DA:998,0
DA:999,0
DA:1002,0
DA:1004,0
DA:1007,0
DA:1011,0
DA:1013,0
DA:1016,0
DA:1017,0
DA:1018,0
DA:1021,0
DA:1023,0
DA:1024,0
DA:1027,0
DA:1029,0
DA:1032,0
DA:1036,0
DA:1037,0
DA:1038,0
DA:1041,0
DA:1043,0
DA:1044,0
DA:1045,0
DA:1048,0
DA:1049,0
DA:1050,0
DA:1053,0
DA:1055,0
DA:1056,0
DA:1059,0
DA:1061,0
DA:1064,0
DA:1068,0
DA:1070,0
DA:1073,0
DA:1074,0
DA:1077,0
DA:1079,0
DA:1080,0
DA:1083,0
DA:1085,0
DA:1088,0
DA:1092,0
DA:1095,0
DA:1096,0
DA:1101,0
DA:1105,0
DA:1108,0
DA:1109,0
DA:1114,0
DA:1116,0
DA:1119,0
DA:1121,0
DA:1124,0
DA:1126,0
DA:1129,0
DA:1130,0
DA:1134,5
DA:1136,5
DA:1138,5
DA:1139,0
DA:1140,0
DA:1146,0
DA:1148,0
DA:1150,0
DA:1151,0
DA:1152,0
DA:1158,0
DA:1160,0
DA:1162,0
DA:1163,0
DA:1164,0
DA:1170,0
DA:1172,0
DA:1174,0
DA:1175,0
DA:1176,0
DA:1187,0
DA:1195,0
DA:1196,0
DA:1198,0
DA:1199,0
DA:1201,0
DA:1202,0
DA:1205,0
DA:1206,0
DA:1208,0
DA:1209,0
DA:1212,0
DA:1213,0
DA:1214,0
DA:1216,0
DA:1219,2
DA:1227,2
DA:1229,2
DA:1253,2
DA:1257,2
DA:1259,0
DA:1260,0
DA:1264,0
DA:1265,0
DA:1270,0
DA:1275,0
DA:1279,2
DA:1282,2
DA:1285,2
DA:1286,0
DA:1287,0
DA:1288,0
DA:1291,5
DA:1292,3
DA:1294,3
DA:1297,3
DA:1300,3
DA:1303,3
DA:1304,0
DA:1306,0
DA:1307,0
DA:1310,9
DA:1311,6
DA:1313,6
DA:1315,6
DA:1319,6
DA:1320,6
DA:1324,6
DA:1325,6
DA:1329,6
DA:1330,6
DA:1332,6
DA:1333,6
DA:1335,6
DA:1336,0
DA:1337,0
DA:1338,0
DA:1341,6
DA:1349,3
DA:1350,3
DA:1352,3
DA:1353,3
DA:1355,3
DA:1356,0
DA:1357,0
DA:1358,0
DA:1361,3
DA:1371,2
DA:1377,2
DA:1380,5
DA:1381,3
DA:1383,9
DA:1384,6
DA:1385,6
DA:1388,3
DA:1390,3
DA:1394,2
DA:1397,2
DA:1400,2
LF:528
LH:191
end_of_record
TN:
SF:/home/runner/work/dlt-daemon/dlt-daemon/src/lib/dlt_env_ll.c
FN:58,dlt_env_extract_id
FN:90,dlt_env_helper_to_lower
FN:126,dlt_env_extract_symbolic_ll
FN:198,dlt_env_extract_ll
FN:239,dlt_env_extract_ll_item
FN:284,dlt_env_init_ll_set
FN:307,dlt_env_free_ll_set
FN:329,dlt_env_increase_ll_set
FN:364,dlt_env_extract_ll_set
FN:403,dlt_env_ids_match
FN:436,dlt_env_ll_item_get_matching_prio
FN:471,dlt_env_adjust_ll_from_env
FNDA:0,dlt_env_init_ll_set
FNDA:167,dlt_env_adjust_ll_from_env
FNDA:0,dlt_env_extract_ll_item
FNDA:0,dlt_env_increase_ll_set
FNDA:0,dlt_env_extract_ll_set
FNDA:0,dlt_env_ids_match
FNDA:0,dlt_env_extract_symbolic_ll
FNDA:0,dlt_env_extract_id
FNDA:0,dlt_env_helper_to_lower
FNDA:0,dlt_env_extract_ll
FNDA:0,dlt_env_ll_item_get_matching_prio
FNDA:6687,dlt_env_free_ll_set
FNF:12
FNH:2
DA:58,0
DA:62,0
DA:66,0
DA:72,0
DA:73,0
DA:77,0
DA:78,0
DA:90,0
DA:95,0
DA:99,0
DA:103,0
DA:105,0
DA:106,0
DA:107,0
DA:109,0
DA:112,0
DA:113,0
DA:116,0
DA:118,0
DA:121,0
DA:126,0
DA:127,0
DA:130,0
DA:134,0
DA:138,0
DA:139,0
DA:140,0
DA:141,0
DA:142,0
DA:143,0
DA:144,0
DA:145,0
DA:146,0
DA:147,0
DA:148,0
DA:149,0
DA:150,0
DA:151,0
DA:152,0
DA:153,0
DA:154,0
DA:159,0
DA:160,0
DA:163,0
DA:198,0
DA:200,0
DA:204,0
DA:209,0
DA:210,0
DA:212,0
DA:213,0
DA:214,0
DA:217,0
DA:218,0
DA:219,0
DA:220,0
DA:226,0
DA:227,0
DA:239,0
DA:243,0
DA:247,0
DA:252,0
DA:254,0
DA:258,0
DA:259,0
DA:261,0
DA:265,0
DA:266,0
DA:268,0
DA:269,0
DA:284,0
DA:286,0
DA:290,0
DA:291,0
DA:293,0
DA:295,0
DA:296,0
DA:299,0
DA:300,0
DA:307,6687
DA:309,6687
DA:313,6687
DA:314,0
DA:315,0
DA:318,6687
DA:319,6687
DA:329,0
DA:334,0
DA:338,0
DA:339,0
DA:341,0
DA:342,0
DA:344,0
DA:346,0
DA:347,0
DA:349,0
DA:350,0
DA:351,0
DA:364,0
DA:366,0
DA:370,0
DA:374,0
DA:379,0
DA:380,0
DA:385,0
DA:389,0
DA:390,0
DA:392,0
DA:403,0
DA:405,0
DA:409,0
DA:413,0
DA:417,0
DA:418,0
DA:436,0
DA:440,0
DA:444,0
DA:445,0
DA:447,0
DA:448,0
DA:450,0
DA:451,0
DA:453,0
DA:454,0
DA:471,167
DA:476,167
DA:484,167
DA:485,0
DA:487,0
DA:489,0
DA:491,0
DA:492,0
LF:132
LH:8
end_of_record
TN:
SF:/home/runner/work/dlt-daemon/dlt-daemon/src/lib/dlt_filetransfer.c
FN:84,getFilesize
FN:103,stringHash
FN:129,getFileSerialNumber
FN:155,getFileCreationDate
FN:175,getFileCreationDate2
FN:195,isFile
FN:205,doTimeout
FN:217,checkUserBufferForFreeSpace
FN:235,doRemoveFile
FN:240,dlt_user_log_file_errorMessage
FN:305,dlt_user_log_file_infoAbout
FN:368,dlt_user_log_file_complete
FN:403,dlt_user_log_file_packagesCount
FN:453,dlt_user_log_file_header_alias
FN:515,dlt_user_log_file_header
FN:575,dlt_user_log_file_data
FN:711,dlt_user_log_file_end
FNDA:0,getFileCreationDate
FNDA:0,stringHash
FNDA:0,dlt_user_log_file_header_alias
FNDA:0,dlt_user_log_file_packagesCount
FNDA:0,doTimeout
FNDA:0,getFileSerialNumber
FNDA:0,getFileCreationDate2
FNDA:0,checkUserBufferForFreeSpace
FNDA:0,isFile
FNDA:0,dlt_user_log_file_end
FNDA:0,getFilesize
FNDA:0,dlt_user_log_file_header
FNDA:0,dlt_user_log_file_infoAbout
FNDA:0,dlt_user_log_file_errorMessage
FNDA:0,doRemoveFile
FNDA:0,dlt_user_log_file_data
FNDA:0,dlt_user_log_file_complete
FNF:17
FNH:0
DA:84,0
DA:88,0
DA:90,0
DA:91,0
DA:94,0
DA:95,0
DA:103,0
DA:105,0
DA:109,0
DA:113,0
DA:117,0
DA:118,0
DA:129,0
DA:134,0
DA:135,0
DA:136,0
DA:138,0
DA:139,0
DA:140,0
DA:141,0
DA:142,0
DA:143,0
DA:146,0
DA:155,0
DA:159,0
DA:160,0
DA:161,0
DA:164,0
DA:165,0
DA:175,0
DA:180,0
DA:181,0
DA:182,0
DA:185,0
DA:186,0
DA:187,0
DA:188,0
DA:195,0
DA:198,0
DA:205,0
DA:208,0
DA:209,0
DA:210,0
DA:211,0
DA:217,0
DA:221,0
DA:223,0
DA:224,0
DA:235,0
DA:237,0
DA:240,0
DA:243,0
DA:244,0
DA:245,0
DA:247,0
DA:248,0
DA:253,0
DA:255,0
DA:256,0
DA:262,0
DA:263,0
DA:265,0
DA:266,0
DA:272,0
DA:274,0
DA:287,0
DA:295,0
DA:305,0
DA:308,0
DA:311,0
DA:313,0
DA:314,0
DA:320,0
DA:322,0
DA:323,0
DA:329,0
DA:330,0
DA:332,0
DA:333,0
DA:339,0
DA:351,0
DA:352,0
DA:368,0
DA:373,0
DA:374,0
DA:375,0
DA:378,0
DA:382,0
DA:387,0
DA:388,0
DA:403,0
DA:408,0
DA:411,0
DA:413,0
DA:414,0
DA:419,0
DA:422,0
DA:425,0
DA:427,0
DA:430,0
DA:434,0
DA:439,0
DA:453,0
DA:456,0
DA:459,0
DA:461,0
DA:462,0
DA:466,0
DA:469,0
DA:471,0
DA:472,0
DA:478,0
DA:479,0
DA:481,0
DA:482,0
DA:488,0
DA:499,0
DA:501,0
DA:502,0
DA:515,0
DA:518,0
DA:521,0
DA:523,0
DA:524,0
DA:530,0
DA:532,0
DA:533,0
DA:539,0
DA:540,0
DA:542,0
DA:543,0
DA:549,0
DA:562,0
DA:563,0
DA:575,0
DA:584,0
DA:586,0
DA:588,0
DA:589,0
DA:590,0
DA:593,0
DA:595,0
DA:596,0
DA:597,0
DA:606,0
DA:607,0
DA:612,0
DA:617,0
DA:618,0
DA:625,0
DA:626,0
DA:632,0
DA:634,0
DA:635,0
DA:638,0
DA:639,0
DA:642,0
DA:650,0
DA:654,0
DA:657,0
DA:658,0
DA:659,0
DA:661,0
DA:669,0
DA:671,0
DA:672,0
DA:675,0
DA:676,0
DA:679,0
DA:687,0
DA:688,0
DA:690,0
DA:694,0
DA:696,0
DA:698,0
DA:699,0
DA:711,0
DA:714,0
DA:717,0
DA:719,0
DA:720,0
DA:723,0
DA:726,0
DA:732,0
DA:733,0
DA:734,0
DA:737,0
DA:741,0
DA:743,0
DA:744,0
LF:190
LH:0
end_of_record
TN:
SF:/home/runner/work/dlt-daemon/dlt-daemon/src/lib/dlt_user.c
FN:163,dlt_lock_mutex
FN:173,dlt_unlock_mutex
FN:229,dlt_user_check_library_version
FN:390,dlt_initialize_fifo_connection
FN:458,dlt_init
FN:562,dlt_get_appid
FN:573,dlt_init_file
FN:612,dlt_set_filesize_max
FN:634,dlt_init_message_queue
FN:706,dlt_init_common
FN:910,dlt_user_atexit_handler
FN:938,dlt_user_atexit_blow_out_user_buffer
FN:1001,dlt_free
FN:1195,dlt_check_library_version
FN:1200,dlt_register_app
FN:1277,dlt_register_context
FN:1304,dlt_register_context_ll_ts_llccb
FN:1507,dlt_register_context_ll_ts
FN:1522,dlt_register_context_llccb
FN:1553,dlt_unregister_app_util
FN:1589,dlt_unregister_app
FN:1594,dlt_unregister_app_flush_buffered_logs
FN:1616,dlt_unregister_context
FN:1675,dlt_set_application_ll_ts_limit
FN:1725,dlt_get_log_state
FN:1730,dlt_set_log_mode
FN:1753,dlt_set_resend_timeout_atexit
FN:1769,dlt_user_log_write_start_init
FN:1795,dlt_user_log_write_start
FN:1800,dlt_user_log_write_start_id
FN:1808,dlt_user_log_write_start_internal
FN:1871,dlt_user_log_write_start_w_given_buffer
FN:1906,dlt_user_log_write_finish
FN:1920,dlt_user_log_write_finish_w_given_buffer
FN:1932,dlt_user_log_write_raw_internal
FN:2012,dlt_user_log_write_raw
FN:2017,dlt_user_log_write_raw_formatted
FN:2022,dlt_user_log_write_raw_attr
FN:2027,dlt_user_log_write_raw_formatted_attr
FN:2033,dlt_user_log_write_generic_attr
FN:2106,dlt_user_log_write_generic_formatted
FN:2150,dlt_user_log_write_float32
FN:2159,dlt_user_log_write_float64
FN:2168,dlt_user_log_write_float32_attr
FN:2178,dlt_user_log_write_float64_attr
FN:2188,dlt_user_log_write_uint
FN:2229,dlt_user_log_write_uint8
FN:2235,dlt_user_log_write_uint16
FN:2241,dlt_user_log_write_uint32
FN:2247,dlt_user_log_write_uint64
FN:2253,dlt_user_log_write_uint_attr
FN:2294,dlt_user_log_write_uint8_attr
FN:2301,dlt_user_log_write_uint16_attr
FN:2308,dlt_user_log_write_uint32_attr
FN:2315,dlt_user_log_write_uint64_attr
FN:2322,dlt_user_log_write_uint8_formatted
FN:2328,dlt_user_log_write_uint16_formatted
FN:2334,dlt_user_log_write_uint32_formatted
FN:2340,dlt_user_log_write_uint64_formatted
FN:2346,dlt_user_log_write_ptr
FN:2374,dlt_user_log_write_int
FN:2415,dlt_user_log_write_int8
FN:2421,dlt_user_log_write_int16
FN:2427,dlt_user_log_write_int32
FN:2433,dlt_user_log_write_int64
FN:2439,dlt_user_log_write_int_attr
FN:2480,dlt_user_log_write_int8_attr
FN:2487,dlt_user_log_write_int16_attr
FN:2494,dlt_user_log_write_int32_attr
FN:2501,dlt_user_log_write_int64_attr
FN:2508,dlt_user_log_write_bool
FN:2514,dlt_user_log_write_bool_attr
FN:2521,dlt_user_log_write_string
FN:2526,dlt_user_log_write_string_attr
FN:2531,dlt_user_log_write_sized_string
FN:2536,dlt_user_log_write_sized_string_attr
FN:2541,dlt_user_log_write_constant_string
FN:2547,dlt_user_log_write_constant_string_attr
FN:2553,dlt_user_log_write_sized_constant_string
FN:2559,dlt_user_log_write_sized_constant_string_attr
FN:2565,dlt_user_log_write_utf8_string
FN:2570,dlt_user_log_write_utf8_string_attr
FN:2575,dlt_user_log_write_sized_utf8_string
FN:2580,dlt_user_log_write_sized_utf8_string_attr
FN:2585,dlt_user_log_write_constant_utf8_string
FN:2591,dlt_user_log_write_constant_utf8_string_attr
FN:2597,dlt_user_log_write_sized_constant_utf8_string
FN:2603,dlt_user_log_write_sized_constant_utf8_string_attr
FN:2609,dlt_user_log_write_sized_string_utils_attr
FN:2764,dlt_user_log_write_string_utils_attr
FN:2773,dlt_register_injection_callback_with_id
FN:2864,dlt_register_injection_callback
FN:2875,dlt_register_log_level_changed_callback
FN:2915,check_buffer
FN:2927,dlt_user_trace_network_segmented_start
FN:3024,dlt_user_trace_network_segmented_segment
FN:3107,dlt_user_trace_network_segmented_end
FN:3163,dlt_user_trace_network_segmented_thread
FN:3230,dlt_user_trace_network_segmented_thread_segmenter
FN:3267,dlt_user_trace_network_segmented
FN:3355,dlt_user_trace_network
FN:3365,dlt_user_trace_network_truncated
FN:3517,dlt_log_string
FN:3538,dlt_log_string_int
FN:3560,dlt_log_string_uint
FN:3582,dlt_log_int
FN:3602,dlt_log_uint
FN:3622,dlt_log_raw
FN:3646,dlt_log_marker
FN:3658,dlt_verbose_mode
FN:3673,dlt_nonverbose_mode
FN:3688,dlt_use_extended_header_for_non_verbose
FN:3703,dlt_with_session_id
FN:3718,dlt_with_timestamp
FN:3733,dlt_with_ecu_id
FN:3748,dlt_enable_local_print
FN:3762,dlt_disable_local_print
FN:3777,dlt_user_cleanup_handler
FN:3790,dlt_user_housekeeperthread_function
FN:3867,dlt_user_log_init
FN:3890,dlt_user_log_send_log
FN:4173,dlt_user_log_send_register_application
FN:4216,dlt_user_log_send_unregister_application
FN:4252,dlt_user_log_send_register_context
FN:4311,dlt_user_log_send_unregister_context
FN:4356,dlt_send_app_ll_ts_limit
FN:4403,dlt_user_log_send_log_mode
FN:4440,dlt_user_log_send_marker
FN:4468,dlt_user_print_msg
FN:4505,dlt_user_log_check_user_message
FN:4778,dlt_user_log_resend_buffer
FN:4872,dlt_user_log_reattach_to_daemon
FN:4952,dlt_user_log_send_overflow
FN:4973,dlt_user_check_buffer
FN:5005,dlt_start_threads
FN:5086,dlt_stop_threads
FN:5158,dlt_fork_child_fork_handler
FN:5165,dlt_user_log_out_error_handling
FNDA:7,dlt_user_log_write_float64_attr
FNDA:0,dlt_user_atexit_blow_out_user_buffer
FNDA:7,dlt_user_log_write_uint_attr
FNDA:8,dlt_user_log_write_sized_utf8_string
FNDA:1,dlt_user_log_send_marker
FNDA:6,dlt_user_log_write_int8
FNDA:0,dlt_user_check_library_version
FNDA:13374,dlt_user_trace_network_segmented_thread
FNDA:167,dlt_unregister_app
FNDA:5,dlt_user_log_write_sized_constant_utf8_string
FNDA:7,dlt_user_log_write_int_attr
FNDA:0,dlt_fork_child_fork_handler
FNDA:42,dlt_user_log_write_int32
FNDA:3,dlt_user_log_write_sized_constant_string_attr
FNDA:178,dlt_register_context_ll_ts
FNDA:0,dlt_check_library_version
FNDA:1,dlt_log_marker
FNDA:6688,dlt_user_log_check_user_message
FNDA:0,dlt_send_app_ll_ts_limit
FNDA:0,dlt_user_trace_network_segmented_end
FNDA:4,dlt_user_log_send_log_mode
FNDA:21,dlt_user_log_write_utf8_string
FNDA:0,dlt_user_log_resend_buffer
FNDA:35,dlt_user_log_write_uint
FNDA:0,dlt_with_timestamp
FNDA:0,dlt_user_print_msg
FNDA:3,dlt_user_log_write_bool_attr
FNDA:5,dlt_user_log_write_constant_string_attr
FNDA:5,dlt_user_log_write_constant_utf8_string
FNDA:45893,dlt_free
FNDA:25,dlt_log_string_int
FNDA:7,dlt_user_log_write_sized_utf8_string_attr
FNDA:0,dlt_register_injection_callback
FNDA:7,dlt_user_log_write_uint8_attr
FNDA:0,check_buffer
FNDA:237,dlt_user_log_write_start_internal
FNDA:0,dlt_get_appid
FNDA:218,dlt_user_log_write_generic_attr
FNDA:7,dlt_user_log_write_utf8_string_attr
FNDA:103,dlt_user_log_write_sized_string_utils_attr
FNDA:2,dlt_use_extended_header_for_non_verbose
FNDA:7,dlt_user_trace_network_segmented
FNDA:0,dlt_user_log_write_start_w_given_buffer
FNDA:7,dlt_user_log_write_int64_attr
FNDA:167,dlt_unregister_app_util
FNDA:7,dlt_user_log_write_constant_string
FNDA:0,dlt_user_log_send_overflow
FNDA:0,dlt_register_injection_callback_with_id
FNDA:19,dlt_user_log_write_raw_formatted
FNDA:0,dlt_user_log_write_finish_w_given_buffer
FNDA:28,dlt_user_log_write_uint32_formatted
FNDA:28,dlt_user_log_write_uint16_formatted
FNDA:6,dlt_user_log_write_int64
FNDA:0,dlt_user_trace_network_segmented_thread_segmenter
FNDA:20061,dlt_unlock_mutex
FNDA:1,dlt_user_log_reattach_to_daemon
FNDA:22,dlt_log_int
FNDA:6,dlt_user_log_write_int16
FNDA:0,dlt_user_log_write_ptr
FNDA:1,dlt_user_atexit_handler
FNDA:166,dlt_user_log_send_unregister_context
FNDA:195,dlt_user_log_send_log
FNDA:0,dlt_enable_local_print
FNDA:0,dlt_user_trace_network_segmented_start
FNDA:22,dlt_log_uint
FNDA:28,dlt_user_log_write_uint8_formatted
FNDA:169,dlt_register_app
FNDA:13374,dlt_lock_mutex
FNDA:7,dlt_user_log_write_uint64_attr
FNDA:4,dlt_user_log_write_uint64
FNDA:6688,dlt_init_common
FNDA:4,dlt_user_log_write_sized_constant_utf8_string_attr
FNDA:3,dlt_user_log_write_raw_formatted_attr
FNDA:164,dlt_user_log_send_register_application
FNDA:7,dlt_user_log_write_float32
FNDA:104,dlt_user_log_write_start
FNDA:178,dlt_register_context_ll_ts_llccb
FNDA:167,dlt_user_log_send_register_context
FNDA:6687,dlt_initialize_fifo_connection
FNDA:13,dlt_user_log_write_raw
FNDA:4,dlt_user_log_write_uint16
FNDA:1,dlt_register_log_level_changed_callback
FNDA:112,dlt_user_log_write_generic_formatted
FNDA:3,dlt_user_log_write_bool
FNDA:0,dlt_init_file
FNDA:1,dlt_get_log_state
FNDA:6,dlt_user_log_write_sized_string_attr
FNDA:7,dlt_user_log_write_float64
FNDA:10,dlt_nonverbose_mode
FNDA:195,dlt_user_log_write_finish
FNDA:7,dlt_user_log_write_int16_attr
FNDA:165,dlt_register_context
FNDA:7,dlt_user_log_write_uint16_attr
FNDA:40025693,dlt_init
FNDA:0,dlt_init_message_queue
FNDA:4,dlt_user_log_write_constant_utf8_string_attr
FNDA:0,dlt_disable_local_print
FNDA:37,dlt_user_log_write_int
FNDA:0,dlt_with_session_id
FNDA:0,dlt_user_check_buffer
FNDA:166,dlt_unregister_context
FNDA:23,dlt_user_log_write_start_id
FNDA:38,dlt_user_log_write_uint32
FNDA:38,dlt_user_log_write_raw_internal
FNDA:7,dlt_user_log_write_float32_attr
FNDA:28,dlt_user_log_write_uint64_formatted
FNDA:21,dlt_user_trace_network_truncated
FNDA:0,dlt_set_resend_timeout_atexit
FNDA:0,dlt_with_ecu_id
FNDA:2,dlt_user_log_write_sized_string
FNDA:1,dlt_user_log_write_sized_constant_string
FNDA:11,dlt_log_raw
FNDA:167,dlt_user_log_send_unregister_application
FNDA:25,dlt_log_string_uint
FNDA:0,dlt_unregister_app_flush_buffered_logs
FNDA:10,dlt_verbose_mode
FNDA:0,dlt_set_filesize_max
FNDA:0,dlt_set_application_ll_ts_limit
FNDA:60,dlt_user_log_write_string
FNDA:13374,dlt_user_cleanup_handler
FNDA:522,dlt_user_log_init
FNDA:3,dlt_user_log_write_raw_attr
FNDA:14,dlt_user_log_write_int32_attr
FNDA:6687,dlt_start_threads
FNDA:18,dlt_user_log_write_uint32_attr
FNDA:0,dlt_user_trace_network_segmented_segment
FNDA:13374,dlt_user_housekeeperthread_function
FNDA:7,dlt_user_log_write_string_attr
FNDA:14,dlt_user_trace_network
FNDA:188,dlt_user_log_write_start_init
FNDA:7,dlt_user_log_write_int8_attr
FNDA:18,dlt_log_string
FNDA:4,dlt_set_log_mode
FNDA:852,dlt_user_log_out_error_handling
FNDA:0,dlt_register_context_llccb
FNDA:6687,dlt_stop_threads
FNDA:95,dlt_user_log_write_string_utils_attr
FNDA:4,dlt_user_log_write_uint8
FNF:138
FNH:106
DA:163,13374
DA:165,13374
DA:167,13374
DA:168,0
DA:171,13374
DA:173,20061
DA:175,20061
DA:176,20061
DA:229,0
DA:234,0
DA:235,0
DA:237,0
DA:238,0
DA:246,0
DA:390,6687
DA:397,6687
DA:399,6687
DA:400,0
DA:401,0
DA:405,6687
DA:407,1
DA:411,1
DA:412,0
DA:413,0
DA:418,6687
DA:421,6687
DA:423,6687
DA:425,6687
DA:426,0
DA:429,6687
DA:431,6687
DA:432,0
DA:433,0
DA:436,6687
DA:438,6687
DA:439,0
DA:440,0
DA:441,0
DA:445,6687
DA:447,6687
DA:451,6687
DA:458,40025693
DA:461,40025693
DA:462,806013
DA:464,806013
DA:476,39219680
DA:481,6687
DA:484,6687
DA:485,0
DA:489,6687
DA:490,0
DA:491,0
DA:494,6687
DA:495,6687
DA:496,6687
DA:498,6687
DA:499,6687
DA:525,6687
DA:528,6687
DA:532,0
DA:533,0
DA:540,6687
DA:541,6687
DA:543,6687
DA:546,6687
DA:547,0
DA:548,0
DA:552,6687
DA:555,6687
DA:556,0
DA:562,0
DA:564,0
DA:566,0
DA:568,0
DA:569,0
DA:573,0
DA:576,0
DA:588,0
DA:592,0
DA:597,0
DA:600,0
DA:603,0
DA:604,0
DA:605,0
DA:606,0
DA:612,0
DA:614,0
DA:616,0
DA:618,0
DA:621,0
DA:622,0
DA:625,0
DA:627,0
DA:630,0
DA:634,0
DA:636,0
DA:638,0
DA:639,0
DA:641,0
DA:642,0
DA:647,0
DA:651,0
DA:652,0
DA:653,0
DA:654,0
DA:660,0
DA:664,0
DA:665,0
DA:666,0
DA:668,0
DA:669,0
DA:672,0
DA:678,0
DA:679,0
DA:680,0
DA:681,0
DA:685,0
DA:687,0
DA:689,0
DA:690,0
DA:691,0
DA:694,0
DA:695,0
DA:696,0
DA:703,150
DA:706,6688
DA:707,0
DA:722,6688
DA:723,0
DA:724,0
DA:728,6688
DA:730,6688
DA:731,6688
DA:733,6688
DA:734,6688
DA:736,6688
DA:739,6688
DA:748,6688
DA:753,6688
DA:755,6688
DA:756,0
DA:757,0
DA:761,6688
DA:766,6688
DA:769,6688
DA:772,6688
DA:775,6688
DA:777,6688
DA:779,6688
DA:781,6688
DA:783,6688
DA:784,0
DA:785,0
DA:786,0
DA:787,0
DA:788,0
DA:789,0
DA:792,6688
DA:794,6688
DA:795,0
DA:796,0
DA:802,6688
DA:803,6688
DA:804,6688
DA:805,6688
DA:808,6688
DA:809,6688
DA:810,6688
DA:812,6688
DA:813,0
DA:815,0
DA:816,0
DA:823,6688
DA:824,0
DA:826,0
DA:827,0
DA:834,6688
DA:835,0
DA:837,0
DA:838,0
DA:846,6688
DA:847,6688
DA:849,6688
DA:850,7
DA:852,7
DA:853,0
DA:854,0
DA:858,7
DA:859,7
DA:865,6688
DA:866,6687
DA:867,6687
DA:869,6687
DA:870,0
DA:871,0
DA:872,0
DA:873,0
DA:877,6688
DA:878,6688
DA:879,0
DA:880,0
DA:883,6688
DA:887,0
DA:888,0
DA:889,0
DA:892,6688
DA:894,6688
DA:896,6688
DA:897,1
DA:898,1
DA:910,1
DA:913,1
DA:916,1
DA:917,1
DA:919,1
DA:920,1
DA:924,0
DA:926,0
DA:927,0
DA:931,0
DA:935,0
DA:938,0
DA:939,0
DA:944,0
DA:947,0
DA:948,0
DA:949,0
DA:951,0
DA:952,0
DA:953,0
DA:955,0
DA:957,0
DA:958,0
DA:959,0
DA:963,0
DA:968,0
DA:969,0
DA:971,0
DA:972,0
DA:973,0
DA:974,0
DA:976,0
DA:980,0
DA:981,0
DA:982,0
DA:985,0
DA:986,0
DA:987,0
DA:995,6884
DA:996,2
DA:997,6873
DA:1001,45893
DA:1002,0
DA:1011,45893
DA:1016,45893
DA:1017,39206
DA:1018,39206
DA:1021,6687
DA:1023,6687
DA:1027,6687
DA:1028,6686
DA:1029,6686
DA:1030,6686
DA:1031,6686
DA:1041,6687
DA:1103,0
DA:1105,0
DA:1106,0
DA:1108,0
DA:1112,6687
DA:1113,6687
DA:1114,6687
DA:1117,6687
DA:1120,6687
DA:1123,6687
DA:1124,0
DA:1125,6687
DA:1127,6687
DA:1128,6513
DA:1129,6500
DA:1130,1
DA:1131,1
DA:1134,6500
DA:1135,1
DA:1136,1
DA:1139,6500
DA:1140,1
DA:1141,1
DA:1144,6500
DA:1145,0
DA:1146,0
DA:1149,6500
DA:1150,6500
DA:1153,13
DA:1154,13
DA:1155,13
DA:1156,13
DA:1159,6687
DA:1160,6687
DA:1164,6687
DA:1170,6687
DA:1171,0
DA:1173,6687
DA:1174,0
DA:1176,6687
DA:1177,6687
DA:1178,0
DA:1180,6687
DA:1181,6687
DA:1183,6687
DA:1185,6687
DA:1190,6687
DA:1192,6687
DA:1195,0
DA:1197,0
DA:1200,169
DA:1201,0
DA:1205,169
[...]
DA:1536,333
DA:1539,333
DA:1540,312
DA:1541,312
DA:1544,333
DA:1548,2226
DA:1549,0
DA:1551,0
DA:1555,2226
DA:1556,0
DA:1559,2226
DA:1561,21
DA:1562,21
DA:1565,2205
DA:1567,630
DA:1569,0
DA:1570,0
DA:1572,0
DA:1576,630
DA:1579,318
DA:1580,318
DA:1581,318
DA:1587,630
DA:1589,0
DA:1593,0
DA:1594,0
DA:1596,0
DA:1602,1575
DA:1603,1575
DA:1606,0
DA:1608,0
DA:1609,0
DA:1612,0
DA:1613,0
DA:1615,0
DA:1619,1575
DA:1620,1575
DA:1621,1575
DA:1627,2205
DA:1630,2205
DA:1632,2205
DA:1635,0
DA:1640,0
DA:1641,0
DA:1643,0
DA:1647,0
DA:1648,0
DA:1650,0
DA:1653,0
DA:1654,0
DA:1655,0
DA:1658,0
DA:1662,0
DA:1666,0
DA:1667,0
DA:1670,0
DA:1672,0
DA:1673,0
DA:1675,0
DA:1679,0
DA:1681,0
DA:1682,0
DA:1684,0
DA:1687,0
DA:1689,0
DA:1690,0
DA:1692,0
DA:1696,0
DA:1697,0
DA:1698,0
DA:1703,0
DA:1706,0
DA:1708,0
DA:1711,0
DA:1713,0
DA:1715,0
DA:1718,0
DA:1719,0
DA:1721,0
DA:1723,0
DA:1726,3261
DA:1728,3261
DA:1730,3261
DA:1734,3261
DA:1735,0
DA:1736,0
DA:1740,3261
DA:1741,0
DA:1742,0
DA:1743,0
DA:1747,3261
DA:1750,3261
DA:1753,3261
DA:1757,3261
DA:1759,3261
DA:1762,26
DA:1764,26
DA:1766,26
DA:1770,26
DA:1771,19
DA:1773,26
DA:1776,26
DA:1777,24
DA:1779,26
DA:1781,26
DA:1784,12
DA:1786,12
DA:1787,0
DA:1788,0
DA:1790,0
DA:1793,12
DA:1795,12
DA:1797,10
DA:1800,10
DA:1801,1
DA:1802,1
DA:1806,9
DA:1810,6689
DA:1813,6689
DA:1814,6687
DA:1825,0
DA:1827,0
DA:1828,0
DA:1830,12
DA:1832,12
DA:1835,19
DA:1838,19
DA:1839,0
DA:1840,0
DA:1843,19
DA:1845,19
DA:1849,7
DA:1850,4
DA:1851,4
DA:1852,4
DA:1855,1
DA:1856,1
DA:1858,3
DA:1859,3
DA:1863,4
DA:1866,4
DA:1867,4
DA:1869,4
DA:1870,0
DA:1871,0
DA:1876,4
DA:1880,4
DA:1882,4
DA:1883,4
DA:1886,4
DA:1888,4
DA:1890,4
DA:1892,3
DA:1893,3
DA:1895,3
DA:1905,3
DA:1911,8
DA:1913,8
DA:1914,5
DA:1915,3
DA:1917,2
DA:1920,8
DA:1922,2
DA:1924,2
DA:1925,2
DA:1926,2
DA:1928,3
DA:1930,3
DA:1933,3
DA:1936,2852
DA:1938,2852
DA:1941,2852
DA:1945,2852
DA:1946,8
DA:1951,8
DA:1952,8
DA:1953,2844
DA:1954,2844
DA:1955,2844
DA:1958,2852
DA:1960,2852
DA:1963,818061
DA:1972,818061
DA:1975,818060
DA:1978,817992
DA:1981,817992
DA:1983,817992
DA:1984,62
DA:1986,124
DA:1987,62
DA:1988,62
DA:1990,62
DA:1992,62
DA:1993,62
DA:1994,817893
DA:1996,1635786
DA:1997,817893
DA:1998,817893
DA:2000,817893
DA:2003,0
DA:2006,0
DA:2007,0
DA:2009,0
DA:2010,0
DA:2012,0
DA:2014,0
DA:2016,0
DA:2017,32
DA:2020,32
DA:2021,24
DA:2022,12
DA:2024,20
DA:2025,40
DA:2026,20
DA:2027,20
DA:2039,818423
DA:2041,818423
DA:2045,818423
DA:2048,818423
DA:2051,811258
DA:2053,811258
DA:2055,811258
DA:2057,811258
DA:2060,6687
DA:2066,6687
DA:2069,6687
DA:2072,6687
DA:2075,6687
DA:2077,6687
DA:2079,6687
DA:2081,6687
DA:2084,6687
DA:2087,6702
DA:2089,6702
DA:2092,6702
DA:2093,6702
DA:2098,6702
DA:2099,0
DA:2100,0
DA:2103,6702
DA:2104,6702
DA:2105,6702
DA:2106,6702
DA:2107,6702
DA:2108,6702
DA:2109,6702
DA:2110,6702
DA:2113,6702
DA:2114,0
DA:2115,0
DA:2118,6702
DA:2121,6702
DA:2124,2
DA:2126,2
DA:2129,2
DA:2133,2
DA:2135,2
DA:2139,2
DA:2140,2
DA:2141,2
DA:2142,2
DA:2143,2
DA:2144,2
DA:2145,2
DA:2146,2
DA:2147,2
DA:2149,2
DA:2152,6702
DA:2155,6702
DA:2158,6702
DA:2159,6700
DA:2161,6702
DA:2162,0
DA:2164,6702
DA:2165,6702
DA:2166,6702
DA:2168,6702
DA:2171,2
DA:2174,2
DA:2177,2
DA:2178,0
DA:2180,2
DA:2181,2
DA:2182,2
DA:2184,2
DA:2187,12
DA:2191,12
DA:2194,12
DA:2197,11
DA:2198,11
DA:2200,11
DA:2201,2
DA:2202,2
DA:2203,2
DA:2206,11
DA:2208,11
DA:2209,11
DA:2210,11
DA:2212,0
DA:2214,0
DA:2215,0
DA:2216,0
DA:2220,0
DA:2221,0
DA:2222,0
DA:2223,0
DA:2225,0
DA:2229,11
DA:2230,0
DA:2231,0
DA:2234,11
DA:2235,11
DA:2237,11
DA:2240,21
DA:2242,21
DA:2245,21
DA:2248,21
DA:2249,0
DA:2250,0
DA:2251,0
DA:2254,21
DA:2255,0
DA:2257,21
DA:2260,11
DA:2262,11
DA:2265,11
DA:2268,11
DA:2269,2
DA:2271,2
DA:2272,0
DA:2276,2
DA:2282,0
DA:2287,0
DA:2290,0
DA:2291,0
DA:2293,0
DA:2294,0
DA:2295,0
DA:2301,0
DA:2302,0
DA:2306,0
DA:2307,0
DA:2308,0
DA:2309,0
DA:2313,0
DA:2316,234
DA:2323,234
DA:2330,234
DA:2334,234
DA:2335,234
DA:2336,234
DA:2337,234
DA:2339,234
DA:2345,234
DA:2346,234
DA:2349,234
DA:2352,7
DA:2355,7
DA:2356,1
DA:2360,7
DA:2363,5571
DA:2365,5571
DA:2368,11142
DA:2369,5571
DA:2370,5571
DA:2371,5571
DA:2372,11142
DA:2375,0
DA:2377,0
DA:2383,0
DA:2384,0
DA:2385,0
DA:2386,0
DA:2390,0
DA:2391,0
DA:2392,0
DA:2393,0
DA:2394,0
DA:2397,0
DA:2399,0
DA:2401,0
DA:2403,0
DA:2406,0
DA:2408,0
DA:2412,0
DA:2413,0
DA:2414,0
DA:2415,0
DA:2418,0
DA:2419,0
DA:2421,0
DA:2425,0
DA:2428,6811
DA:2434,6811
DA:2438,6803
DA:2441,6796
DA:2444,6796
DA:2448,6796
DA:2449,6796
DA:2450,6796
DA:2453,6796
DA:2455,6796
DA:2456,0
DA:2459,0
DA:2464,6796
DA:2465,6796
DA:2466,6796
DA:2467,6796
DA:2469,6796
DA:2470,0
DA:2473,0
DA:2476,6796
DA:2478,6796
DA:2483,6796
DA:2485,6796
DA:2488,0
DA:2491,0
DA:2494,0
DA:2496,0
DA:2497,0
DA:2503,6785
DA:2506,6785
DA:2509,6784
DA:2511,0
DA:2512,0
DA:2515,6784
DA:2516,6784
DA:2517,6784
DA:2519,6784
DA:2522,24692
DA:2525,24692
DA:2526,23673
DA:2527,23673
DA:2529,23672
DA:2530,23672
DA:2536,1
DA:2538,1
DA:2539,1
DA:2540,1
DA:2545,0
DA:2549,1019
DA:2551,24692
DA:2553,45
DA:2556,45
DA:2557,29
DA:2559,27
DA:2560,27
DA:2566,2
DA:2568,1
DA:2569,1
DA:2570,1
DA:2575,16
DA:2577,45
DA:2579,852
DA:2581,852
DA:2584,852
DA:2585,0
DA:2590,7
DA:2596,7
DA:2597,1
DA:2598,1
DA:2602,6
DA:2607,6
DA:2612,6
DA:2614,6
DA:2615,0
DA:2618,0
DA:2622,6
DA:2625,6
DA:2626,4
DA:2627,4
DA:2628,4
DA:2629,4
DA:2632,2
DA:2633,2
DA:2634,2
DA:2635,2
DA:2636,2
DA:2640,6
DA:2643,6
DA:2644,6
DA:2645,6
DA:2647,6
DA:2653,6
DA:2656,7
DA:2661,7
DA:2662,1
DA:2663,1
DA:2666,6
DA:2671,0
DA:2673,0
DA:2674,0
DA:2677,0
DA:2681,0
DA:2684,0
DA:2685,0
DA:2686,0
DA:2689,0
DA:2690,0
DA:2691,0
DA:2693,0
DA:2698,0
DA:2700,0
DA:2703,9
DA:2706,9
DA:2707,1
DA:2708,1
DA:2711,8
DA:2713,8
DA:2716,8
DA:2717,8
DA:2718,8
DA:2721,8
DA:2723,8
DA:2726,7516
DA:2728,7516
DA:2731,9839
DA:2744,9839
DA:2747,9771
DA:2749,0
DA:2750,0
DA:2754,9771
DA:2755,9771
DA:2756,9771
DA:2759,9771
DA:2760,0
DA:2763,0
DA:2764,0
DA:2768,9771
DA:2769,0
DA:2770,9771
DA:2773,9771
DA:2776,9775
DA:2778,4
DA:2784,4
DA:2785,4
DA:2788,4
DA:2789,0
DA:2790,4
DA:2793,4
DA:2799,9771
DA:2800,9771
DA:2803,9771
DA:2805,9771
DA:2806,9771
DA:2808,9771
DA:2809,2257
DA:2811,9771
DA:2812,1873
DA:2815,9771
DA:2816,9771
DA:2818,9771
DA:2822,59
DA:2826,59
DA:2830,59
DA:2833,42
DA:2835,0
DA:2836,0
DA:2840,42
DA:2841,42
DA:2842,42
DA:2845,42
DA:2846,3
DA:2849,3
DA:2850,3
DA:2854,39
DA:2855,22
DA:2856,1
DA:2859,1
DA:2862,22
DA:2866,17
DA:2867,16
DA:2869,1
DA:2872,17
DA:2873,1
DA:2876,1
DA:2877,1
DA:2881,16
DA:2884,16
DA:2885,1
DA:2886,1
DA:2887,1
DA:2890,15
DA:2891,0
DA:2892,0
DA:2893,0
DA:2897,15
DA:2898,1
DA:2901,1
DA:2902,1
DA:2906,14
DA:2907,1
DA:2913,14
DA:2915,11
DA:2917,11
DA:2919,3
DA:2922,3
DA:2924,3
DA:2925,3
DA:2927,0
DA:2931,14
DA:2932,6
DA:2934,6
DA:2936,4
DA:2939,14
DA:2942,8
DA:2944,8
DA:2947,10
DA:2949,10
DA:2952,5
DA:2954,5
DA:2957,2
DA:2960,2
DA:2961,1
DA:2962,1
DA:2965,1
DA:2967,1
DA:2970,2
DA:2975,2
DA:2976,1
DA:2977,1
DA:2981,1
DA:2984,1
DA:2985,1
DA:2986,1
DA:2988,1
DA:2993,3
DA:2996,3
DA:2999,2
DA:3002,2503
DA:3007,2503
DA:3011,2502
DA:3014,2502
DA:3015,2502
DA:3016,2502
DA:3018,2502
DA:3021,2501
DA:3022,2501
DA:3024,0
DA:3027,2672
DA:3030,2672
DA:3034,2672
DA:3037,2672
DA:3042,0
DA:3047,0
DA:3050,0
DA:3059,0
DA:3071,0
DA:3077,0
DA:3083,0
DA:3084,0
DA:3089,0
DA:3090,0
DA:3095,0
DA:3096,0
DA:3100,0
DA:3101,0
DA:3109,0
DA:3114,0
DA:3120,0
DA:3123,0
DA:3125,0
DA:3128,0
DA:3130,0
DA:3133,0
DA:3135,0
DA:3138,0
DA:3140,0
DA:3143,0
DA:3145,0
DA:3148,0
DA:3150,0
DA:3153,0
DA:3155,0
DA:3158,0
DA:3160,0
DA:3163,0
DA:3165,0
DA:3168,0
DA:3170,0
DA:3173,0
DA:3175,0
DA:3178,0
DA:3180,0
DA:3183,0
DA:3185,0
DA:3188,0
DA:3190,0
DA:3193,0
DA:3195,0
DA:3198,0
DA:3201,0
DA:3204,0
DA:3206,0
DA:3209,0
DA:3211,0
DA:3214,0
DA:3216,0
DA:3219,0
DA:3221,0
DA:3224,0
DA:3226,0
DA:3229,0
DA:3231,0
DA:3234,0
DA:3236,0
DA:3239,0
DA:3241,0
DA:3244,0
DA:3246,0
DA:3249,0
DA:3251,0
DA:3254,0
DA:3256,0
DA:3259,0
DA:3261,0
DA:3264,0
DA:3267,0
DA:3270,0
DA:3274,0
DA:3282,6
DA:3284,6
DA:3285,0
DA:3286,0
DA:3307,2
DA:3309,2
DA:3310,0
DA:3311,0
DA:3317,2
DA:3319,2
DA:3320,0
DA:3321,0
DA:3328,247
DA:3338,247
DA:3339,247
DA:3347,328
DA:3349,328
DA:3352,316
DA:3354,316
DA:3356,316
DA:3359,328
DA:3361,328
DA:3364,316
DA:3366,316
DA:3368,316
DA:3370,316
DA:3372,316
DA:3375,328
DA:3377,328
DA:3380,316
DA:3382,316
DA:3384,316
DA:3386,316
DA:3388,316
DA:3391,328
DA:3393,328
DA:3396,316
DA:3398,316
DA:3400,316
DA:3402,316
DA:3404,316
DA:3407,328
DA:3409,328
DA:3412,316
DA:3414,316
DA:3416,316
DA:3419,316
DA:3421,316
DA:3424,751
DA:3434,751
DA:3449,736
DA:3450,736
DA:3451,736
DA:3452,736
DA:3468,736
DA:3469,147
DA:3471,147
DA:3472,147
DA:3474,147
DA:3477,147
DA:3480,0
DA:3483,147
DA:3484,0
DA:3486,0
DA:3489,0
DA:3491,0
DA:3494,0
DA:3496,0
DA:3497,0
DA:3498,0
DA:3499,0
DA:3503,0
DA:3504,0
DA:3507,147
DA:3509,147
DA:3512,589
DA:3515,112
DA:3516,0
DA:3518,0
DA:3521,0
DA:3523,0
DA:3526,0
DA:3528,0
DA:3529,0
DA:3530,0
DA:3531,0
DA:3535,0
DA:3536,0
DA:3540,112
DA:3542,112
DA:3545,110
DA:3547,477
DA:3549,0
DA:3550,0
DA:3552,0
DA:3553,0
DA:3555,0
DA:3558,0
DA:3559,0
DA:3562,0
DA:3568,0
DA:3569,0
DA:3571,0
DA:3572,0
DA:3574,0
DA:3577,0
DA:3578,0
DA:3581,0
DA:3587,477
DA:3589,0
DA:3590,0
DA:3592,0
DA:3595,0
DA:3598,0
DA:3599,0
DA:3601,0
DA:3604,0
DA:3607,0
DA:3608,0
DA:3610,0
DA:3616,0
DA:3617,0
DA:3618,0
DA:3620,0
DA:3624,0
DA:3625,0
DA:3627,0
DA:3630,0
DA:3631,0
DA:3634,477
DA:3637,350
DA:3638,0
DA:3640,0
DA:3643,0
DA:3644,0
DA:3646,0
DA:3649,0
DA:3651,0
DA:3654,0
DA:3656,0
DA:3657,0
DA:3658,0
DA:3659,0
DA:3663,0
DA:3664,0
DA:3666,0
DA:3671,0
DA:3673,0
DA:3674,0
DA:3677,350
DA:3678,0
DA:3680,0
DA:3683,0
DA:3684,0
DA:3688,0
DA:3691,0
DA:3692,0
DA:3693,0
DA:3695,0
DA:3697,0
DA:3700,0
DA:3701,0
DA:3702,0
DA:3704,0
DA:3706,0
DA:3709,0
DA:3710,0
DA:3711,0
DA:3720,350
DA:3721,14
DA:3723,14
DA:3725,7
DA:3727,7
DA:3730,7
DA:3734,7
DA:3736,7
DA:3739,7
DA:3744,21
DA:3746,21
DA:3749,7
DA:3751,7
DA:3754,7
DA:3755,7
DA:3760,14
DA:3762,14
DA:3765,14
DA:3766,14
DA:3771,301
DA:3773,301
DA:3776,287
DA:3778,287
DA:3781,287
DA:3787,14
DA:3789,14
DA:3792,14
DA:3798,14
DA:3800,14
DA:3803,7
DA:3805,7
DA:3808,7
DA:3818,7
DA:3820,7
DA:3823,7
DA:3833,0
DA:3835,0
DA:3836,0
DA:3838,0
DA:3841,0
DA:3842,0
DA:3843,0
DA:3851,127
DA:3854,14
DA:3855,0
DA:3857,0
DA:3860,0
DA:3861,0
DA:3863,0
DA:3866,0
DA:3868,0
DA:3871,0
DA:3873,0
DA:3874,0
DA:3875,0
DA:3876,0
DA:3880,0
DA:3881,0
DA:3883,0
DA:3888,0
DA:3890,0
DA:3891,0
DA:3894,14
DA:3895,0
DA:3897,0
DA:3898,0
DA:3900,0
DA:3903,0
DA:3904,0
DA:3905,0
DA:3907,0
DA:3909,0
DA:3910,0
DA:3912,0
DA:3915,0
DA:3916,0
DA:3917,0
DA:3926,7
DA:3928,7
DA:3933,7
DA:3935,7
DA:3951,7
DA:3953,7
DA:3958,7
DA:3973,0
DA:3975,0
DA:3976,0
DA:3978,0
DA:3981,0
DA:3982,0
DA:3983,0
DA:3991,113
DA:3994,112
DA:3996,112
DA:3999,110
DA:4001,110
DA:4002,0
DA:4004,0
DA:4007,0
DA:4009,0
DA:4012,0
DA:4014,0
DA:4015,0
DA:4016,0
DA:4017,0
DA:4021,0
DA:4022,0
DA:4025,110
DA:4028,9
DA:4030,9
DA:4031,9
DA:4033,1
DA:4036,0
DA:4038,0
DA:4041,0
DA:4043,0
DA:4045,0
DA:4052,630
DA:4053,0
DA:4054,0
DA:4058,630
DA:4059,0
DA:4061,0
DA:4063,0
DA:4064,0
DA:4072,6687
DA:4074,6687
DA:4076,6687
DA:4077,0
DA:4079,6687
DA:4081,6687
DA:4082,0
DA:4084,0
DA:4085,0
DA:4088,6687
DA:4090,6687
DA:4091,0
DA:4093,0
DA:4094,0
DA:4098,6687
DA:4100,6687
DA:4101,0
DA:4103,6687
DA:4114,6687
DA:4116,2
DA:4124,2
DA:4130,2
DA:4132,2
DA:4133,2
DA:4135,2
DA:4136,2
DA:4137,2
DA:4138,2
DA:4144,14
DA:4146,14
DA:4149,14
DA:4155,14
DA:4156,14
DA:4157,14
DA:4158,14
DA:4160,14
DA:4162,14
DA:4165,12
DA:4167,12
DA:4170,12
DA:4176,12
DA:4177,12
DA:4179,12
DA:4181,12
DA:4184,11
DA:4186,11
DA:4192,11
DA:4193,11
DA:4195,11
DA:4198,20
DA:4200,20
DA:4204,20
DA:4210,289
DA:4211,269
DA:4212,269
DA:4213,269
DA:4214,269
DA:4220,0
DA:4222,0
DA:4224,0
DA:4229,0
DA:4230,0
DA:4231,0
DA:4236,0
DA:4237,0
DA:4240,0
DA:4242,0
DA:4245,0
DA:4247,0
DA:4252,0
DA:4257,0
DA:4259,0
DA:4262,0
DA:4266,0
DA:4270,3
DA:4273,3
DA:4275,3
DA:4277,3
DA:4280,1
DA:4282,1
DA:4283,0
DA:4284,0
DA:4287,106
DA:4289,105
DA:4290,0
DA:4293,105
DA:4295,105
DA:4298,105
DA:4300,105
DA:4303,105
DA:4305,105
DA:4308,105
DA:4310,0
DA:4312,0
DA:4313,0
DA:4316,105
DA:4319,105
DA:4324,105
DA:4327,105
DA:4333,105
DA:4334,105
DA:4336,105
DA:4338,105
DA:4341,1
DA:4342,1
DA:4346,0
DA:4351,0
DA:4353,0
DA:4357,0
DA:4359,0
DA:4361,0
DA:4364,0
DA:4365,0
DA:4367,0
DA:4369,0
DA:4370,0
DA:4372,0
DA:4375,0
DA:4377,0
DA:4380,0
DA:4383,0
DA:4384,0
DA:4386,0
DA:4387,0
DA:4388,0
DA:4391,0
DA:4395,0
DA:4397,0
DA:4399,0
DA:4402,0
DA:4405,0
DA:4406,0
DA:4409,5
DA:4411,5
DA:4412,0
DA:4413,0
DA:4416,5
DA:4417,5
DA:4420,6
DA:4421,6
DA:4423,6
DA:4424,6
DA:4425,5
DA:4426,5
DA:4428,5
DA:4429,5
DA:4430,5
DA:4433,12
DA:4435,12
DA:4437,12
DA:4439,12
DA:4440,12
DA:4441,12
DA:4443,37
DA:4445,37
LF:1752
LH:1099
end_of_record
TN:
SF:/home/runner/work/dlt-daemon/dlt-daemon/src/shared/dlt_config_file_parser.c
FN:51,dlt_config_file_trim_line
FN:95,dlt_config_file_is_section_name
FN:121,dlt_config_file_set_section
FN:171,dlt_config_file_set_section_data
FN:251,dlt_config_file_get_section_name_from_string
FN:281,dlt_config_file_get_key_value
FN:321,dlt_config_file_read_line
FN:354,dlt_config_file_read_file
FN:407,dlt_config_file_find_section
FN:428,dlt_config_file_init
FN:462,dlt_config_file_release
FN:491,dlt_config_file_get_section_name
FN:504,dlt_config_file_get_num_sections
FN:518,dlt_config_file_get_value
FN:555,dlt_config_file_check_section_name_exists
FNDA:84,dlt_config_file_find_section
FNDA:64,dlt_config_file_trim_line
FNDA:80,dlt_config_file_get_value
FNDA:8,dlt_config_file_read_file
FNDA:8,dlt_config_file_set_section
FNDA:8,dlt_config_file_init
FNDA:64,dlt_config_file_read_line
FNDA:8,dlt_config_file_get_num_sections
FNDA:8,dlt_config_file_is_section_name
FNDA:4,dlt_config_file_check_section_name_exists
FNDA:56,dlt_config_file_set_section_data
FNDA:8,dlt_config_file_get_section_name_from_string
FNDA:8,dlt_config_file_get_section_name
FNDA:56,dlt_config_file_get_key_value
FNDA:8,dlt_config_file_release
FNF:15
FNH:15
DA:51,64
DA:53,64
DA:59,1012
DA:60,948
DA:62,948
DA:63,884
DA:66,64
DA:79,64
DA:95,8
DA:99,8
DA:102,8
DA:103,0
DA:105,0
DA:121,8
DA:123,8
DA:126,8
DA:127,0
DA:128,0
DA:132,8
DA:133,0
DA:134,0
DA:137,8
DA:140,8
DA:142,8
DA:143,0
DA:144,0
DA:147,8
DA:149,8
DA:150,0
DA:151,0
DA:152,0
DA:153,0
DA:157,8
DA:158,8
DA:171,56
DA:175,56
DA:178,56
DA:179,56
DA:181,56
DA:182,0
DA:183,0
DA:187,56
DA:189,56
DA:191,8
DA:193,8
DA:194,0
DA:195,0
DA:198,8
DA:201,48
DA:203,220
DA:204,172
DA:207,48
DA:209,48
DA:210,0
DA:211,0
DA:215,56
DA:216,56
DA:217,56
DA:219,56
DA:221,56
DA:236,64
DA:251,8
DA:256,8
DA:259,92
DA:260,92
DA:261,8
DA:262,84
DA:265,76
DA:281,56
DA:287,56
DA:290,56
DA:292,56
DA:294,56
DA:299,56
DA:301,56
DA:303,56
DA:308,56
DA:321,64
DA:323,64
DA:333,8
DA:336,8
DA:340,56
DA:341,0
DA:354,8
DA:357,8
DA:358,8
DA:359,8
DA:364,80
DA:365,64
DA:368,0
DA:369,0
DA:372,64
DA:375,64
DA:377,64
DA:378,8
DA:381,8
DA:385,56
DA:387,56
DA:388,56
DA:391,0
DA:392,0
DA:396,8
DA:407,84
DA:412,84
DA:413,0
DA:414,0
DA:417,88
DA:418,84
DA:420,84
DA:421,80
DA:428,8
DA:433,8
DA:434,0
DA:435,0
DA:438,8
DA:440,8
DA:441,0
DA:442,0
DA:445,8
DA:448,8
DA:449,0
DA:450,0
DA:451,0
DA:454,8
DA:457,8
DA:459,8
DA:462,8
DA:466,8
DA:467,8
DA:469,16
DA:470,8
DA:471,8
DA:472,8
DA:474,8
DA:475,8
DA:477,64
DA:479,56
DA:480,56
DA:481,56
DA:482,56
DA:486,8
DA:487,8
DA:489,8
DA:491,8
DA:495,8
DA:498,8
DA:499,8
DA:501,8
DA:504,8
DA:506,8
DA:513,8
DA:515,8
DA:518,80
DA:526,80
DA:532,80
DA:534,80
DA:537,80
DA:539,80
DA:541,400
DA:542,372
DA:543,52
DA:544,52
DA:547,320
DA:551,28
DA:552,28
DA:555,4
DA:560,4
DA:563,4
DA:564,4
DA:565,4
LF:170
LH:138
end_of_record
TN:
SF:/home/runner/work/dlt-daemon/dlt-daemon/src/shared/dlt_multiple_files.c
FN:43,multiple_files_buffer_storage_dir_info
FN:117,multiple_files_buffer_file_name
FN:133,multiple_files_buffer_get_idx_of_log_file
FN:147,multiple_files_buffer_create_new_file
FN:225,multiple_files_buffer_get_total_size
FN:268,multiple_files_buffer_delete_oldest_file
FN:346,multiple_files_buffer_check_size
FN:377,multiple_files_buffer_open_file_for_append
FN:407,multiple_files_buffer_init
FN:439,multiple_files_buffer_rotate_file
FN:455,multiple_files_buffer_write_chunk
FN:473,multiple_files_buffer_write
FN:485,multiple_files_buffer_free
FNDA:9,multiple_files_buffer_file_name
FNDA:9,multiple_files_buffer_delete_oldest_file
FNDA:53,multiple_files_buffer_get_idx_of_log_file
FNDA:12,multiple_files_buffer_write_chunk
FNDA:12,multiple_files_buffer_rotate_file
FNDA:12,multiple_files_buffer_check_size
FNDA:3,multiple_files_buffer_init
FNDA:12,multiple_files_buffer_write
FNDA:12,multiple_files_buffer_storage_dir_info
FNDA:9,multiple_files_buffer_create_new_file
FNDA:21,multiple_files_buffer_get_total_size
FNDA:3,multiple_files_buffer_free
FNDA:3,multiple_files_buffer_open_file_for_append
FNF:13
FNH:13
DA:43,12
DA:48,12
DA:52,12
DA:53,0
DA:54,0
DA:57,12
DA:58,12
DA:60,386
DA:62,374
DA:64,374
DA:65,110
DA:66,48
DA:68,48
DA:69,48
DA:71,36
DA:74,20
DA:80,48
DA:81,32
DA:83,20
DA:86,20
DA:93,12
DA:94,12
DA:96,12
DA:97,0
DA:101,12
DA:103,12
DA:104,0
DA:110,386
DA:112,12
DA:114,12
DA:117,9
DA:123,9
DA:126,9
DA:127,9
DA:130,9
DA:131,9
DA:133,53
DA:135,53
DA:137,53
DA:140,53
DA:142,53
DA:144,53
DA:147,9
DA:149,9
DA:150,0
DA:151,0
DA:161,9
DA:164,0
DA:165,0
DA:166,0
DA:168,0
DA:170,0
DA:171,0
DA:173,0
DA:175,0
DA:176,0
DA:177,0
DA:181,0
DA:183,0
DA:184,0
DA:185,0
DA:189,9
DA:190,9
DA:192,9
DA:193,9
DA:199,9
DA:201,9
DA:203,9
DA:205,9
DA:206,0
DA:207,0
DA:212,9
DA:213,9
DA:216,9
DA:218,0
DA:219,0
DA:225,21
DA:227,21
DA:228,0
DA:229,0
DA:238,21
DA:239,21
DA:240,0
DA:241,0
DA:244,695
DA:246,674
DA:252,80
DA:253,80
DA:254,80
DA:255,80
DA:257,0
DA:262,21
DA:265,21
DA:268,9
DA:270,9
DA:271,0
DA:272,0
DA:283,9
DA:284,9
DA:287,9
DA:289,9
DA:292,309
DA:293,300
DA:299,44
DA:301,0
DA:304,44
DA:305,0
DA:306,0
DA:307,0
DA:308,0
DA:309,0
DA:311,0
DA:314,0
DA:318,44
DA:319,44
DA:323,24
DA:329,9
DA:332,9
DA:333,9
DA:334,0
DA:335,0
DA:338,0
DA:339,0
DA:343,9
DA:346,12
DA:348,12
DA:349,0
DA:350,0
DA:356,12
DA:357,12
DA:358,0
DA:359,0
DA:362,12
DA:363,0
DA:364,0
DA:369,21
DA:371,9
DA:374,12
DA:377,3
DA:378,3
DA:380,3
DA:381,3
DA:384,3
DA:385,3
DA:388,0
DA:395,3
DA:396,0
DA:397,0
DA:401,3
DA:402,3
DA:404,3
DA:407,3
DA:416,3
DA:417,0
DA:418,0
DA:422,3
DA:423,3
DA:424,3
DA:425,3
DA:426,3
DA:427,3
DA:428,3
DA:429,3
DA:430,3
DA:432,3
DA:434,3
DA:435,3
DA:436,3
DA:439,12
DA:442,12
DA:445,9
DA:446,9
DA:449,9
DA:452,9
DA:455,12
DA:459,12
DA:460,0
DA:461,0
DA:464,12
DA:465,12
DA:466,0
DA:467,0
DA:473,12
DA:477,12
DA:479,12
DA:482,12
DA:485,3
DA:487,3
DA:488,0
DA:489,0
DA:492,3
DA:495,3
DA:497,3
LF:193
LH:133
end_of_record
TN:
SF:/home/runner/work/dlt-daemon/dlt-daemon/src/shared/dlt_offline_trace.c
FN:69,dlt_offline_trace_write
FNDA:0,dlt_offline_trace_write
FNF:1
FNH:0
DA:69,0
DA:78,0
DA:80,0
DA:83,0
DA:84,0
DA:85,0
LF:6
LH:0
end_of_record
TN:
SF:/home/runner/work/dlt-daemon/dlt-daemon/src/shared/dlt_protocol.c
FN:71,dlt_get_service_name
FNDA:11,dlt_get_service_name
FNF:1
FNH:1
DA:71,11
DA:73,11
DA:75,11
DA:76,11
DA:78,11
DA:79,11
DA:81,0
LF:7
LH:6
end_of_record
TN:
SF:/home/runner/work/dlt-daemon/dlt-daemon/src/shared/dlt_user_shared.c
FN:79,dlt_user_set_userheader
FN:96,dlt_user_check_userheader
FN:107,dlt_user_log_out2
FN:129,dlt_user_log_out2_with_timeout
FN:151,dlt_user_log_out3
FN:203,dlt_user_log_out3_with_timeout
FNDA:517,dlt_user_log_out3
FNDA:0,dlt_user_log_out3_with_timeout
FNDA:0,dlt_user_check_userheader
FNDA:4,dlt_user_log_out2_with_timeout
FNDA:339,dlt_user_log_out2
FNDA:858,dlt_user_set_userheader
FNF:6
FNH:4
DA:79,858
DA:81,858
DA:84,858
DA:87,858
DA:88,858
DA:89,858
DA:90,858
DA:91,858
DA:93,858
DA:96,0
DA:98,0
DA:101,0
DA:102,0
DA:103,0
DA:104,0
DA:107,339
DA:112,339
DA:116,4
DA:117,4
DA:118,4
DA:119,4
DA:121,4
DA:123,4
DA:124,0
DA:129,4
DA:131,4
DA:136,68
DA:137,4
DA:139,4
DA:140,4
DA:144,4
DA:145,4
DA:151,517
DA:156,517
DA:160,0
DA:161,0
DA:162,0
DA:163,0
DA:164,0
DA:165,0
DA:167,0
DA:169,0
DA:170,0
DA:186,0
DA:188,0
DA:197,0
DA:203,0
DA:205,0
DA:210,0
DA:211,0
DA:213,0
DA:214,0
DA:218,0
DA:219,0
LF:54
LH:27
end_of_record
